#region witness start
keri: 
******* Starting Witness for wums listening: http/5646, tcp/5636 .******


keri: Kever state: BBNhI6ImA1T9Igs-OBA1R7lOOz2cOImkfYBYlee8rgxa First seen ordinal 0 at 2024-11-04T10:10:25.094455+00:00, said=EMGCAUkbSfO7GEBXc-rUhFHmQtel1WGjEomYIYXk3VXh
keri: event=
{
 "v": "KERI10JSON0000fd_",
 "t": "icp",
 "d": "EMGCAUkbSfO7GEBXc-rUhFHmQtel1WGjEomYIYXk3VXh",
 "i": "BBNhI6ImA1T9Igs-OBA1R7lOOz2cOImkfYBYlee8rgxa",
 "s": "0",
 "kt": "1",
 "k": [
  "BBNhI6ImA1T9Igs-OBA1R7lOOz2cOImkfYBYlee8rgxa"
 ],
 "nt": "0",
 "n": [],
 "bt": "0",
 "b": [],
 "c": [],
 "a": []
}

keri: Kever state: BBNhI6ImA1T9Igs-OBA1R7lOOz2cOImkfYBYlee8rgxa Added to KEL valid said=EMGCAUkbSfO7GEBXc-rUhFHmQtel1WGjEomYIYXk3VXh
keri: event=
{
 "v": "KERI10JSON0000fd_",
 "t": "icp",
 "d": "EMGCAUkbSfO7GEBXc-rUhFHmQtel1WGjEomYIYXk3VXh",
 "i": "BBNhI6ImA1T9Igs-OBA1R7lOOz2cOImkfYBYlee8rgxa",
 "s": "0",
 "kt": "1",
 "k": [
  "BBNhI6ImA1T9Igs-OBA1R7lOOz2cOImkfYBYlee8rgxa"
 ],
 "nt": "0",
 "n": [],
 "bt": "0",
 "b": [],
 "c": [],
 "a": []
}

#endregion witness start
#region Controller Init
keri: Parsed Request:
GET /oobi/BBNhI6ImA1T9Igs-OBA1R7lOOz2cOImkfYBYlee8rgxa {(1, 1)
Hict([('Host', '127.0.0.1:5646'), ('Accept-Encoding', 'identity')])
bytearray(b'')

#endregion Controller Init
#region Controller Incept
keri: Parsed Request:
POST / {(1, 1)
Hict([('Host', '127.0.0.1:5646'), ('Accept-Encoding', 'identity'), ('Content-Type', 'application/cesr+json'), ('Content-Length', '392'), ('Cesr-Attachment', '-VAn-AABAADAL0uziQvPMh_TduxHAo5jZ5D8Q_c1C48juwhDGATt-5JxL9XYIoRGmKLNdPe0wHiEv9-iYudvQfQs2P8wW5AB-EAB0AAAAAAAAAAAAAAAAAAAAAAA1AAG2024-11-04T10c10c44d763293p00c00'), ('Cesr-Destination', 'BBNhI6ImA1T9Igs-OBA1R7lOOz2cOImkfYBYlee8rgxa')])
bytearray(b'{"v":"KERI10JSON000188_","t":"icp","d":"EJTRgE8zutkTWnRitbp5ZyG_zROBKQa2faKumileT6NV","i":"EJTRgE8zutkTWnRitbp5ZyG_zROBKQa2faKumileT6NV","s":"0","kt":"1","k":["DI73ILkycnddhW_gMujIYNFcvB3R4gvcpWwhc51QwDso"],"nt":"1","n":["EFZeWF5RlqMtxEgVl0WQEKerxVo2utobKHo9BBP3TClp"],"bt":"2","b":["BIDDWKf1eLAxCCYch_MvNYdwm9KFXDLwgflgMkDXqBbI","BBNhI6ImA1T9Igs-OBA1R7lOOz2cOImkfYBYlee8rgxa"],"c":[],"a":[]}')

keri: Parsed Request:
POST / {(1, 1)
Hict([('Host', '127.0.0.1:5646'), ('Accept-Encoding', 'identity'), ('Content-Type', 'application/cesr+json'), ('Content-Length', '354'), ('Connection', 'close'), ('Cesr-Attachment', '-VAj-HABEJTRgE8zutkTWnRitbp5ZyG_zROBKQa2faKumileT6NV-AABAAABwWXdJvON3t45rMQ6uR9LwaZu1eRURVEbm92JAbx1f-sNcNQ2YRtXccTYL8ILXcEnWg-T3_pUmwGmVP-gmOwO'), ('Cesr-Destination', 'BBNhI6ImA1T9Igs-OBA1R7lOOz2cOImkfYBYlee8rgxa')])
bytearray(b'{"v":"KERI10JSON000162_","t":"qry","d":"EI3L_eNJui8OSjBui8gASqX-zysDWW-tvSfzg3xTeXCh","dt":"2024-11-04T10:10:44.779226+00:00","r":"mbx","rr":"","q":{"pre":"EJTRgE8zutkTWnRitbp5ZyG_zROBKQa2faKumileT6NV","topics":{"/receipt":0,"/replay":0,"/reply":0},"i":"EJTRgE8zutkTWnRitbp5ZyG_zROBKQa2faKumileT6NV","src":"BBNhI6ImA1T9Igs-OBA1R7lOOz2cOImkfYBYlee8rgxa"}}')

keri: Kever state: EJTRgE8zutkTWnRitbp5ZyG_zROBKQa2faKumileT6NV First seen ordinal 0 at 2024-11-04T10:10:44.798859+00:00, said=EJTRgE8zutkTWnRitbp5ZyG_zROBKQa2faKumileT6NV
keri: event=
{
 "v": "KERI10JSON000188_",
 "t": "icp",
 "d": "EJTRgE8zutkTWnRitbp5ZyG_zROBKQa2faKumileT6NV",
 "i": "EJTRgE8zutkTWnRitbp5ZyG_zROBKQa2faKumileT6NV",
 "s": "0",
 "kt": "1",
 "k": [
  "DI73ILkycnddhW_gMujIYNFcvB3R4gvcpWwhc51QwDso"
 ],
 "nt": "1",
 "n": [
  "EFZeWF5RlqMtxEgVl0WQEKerxVo2utobKHo9BBP3TClp"
 ],
 "bt": "2",
 "b": [
  "BIDDWKf1eLAxCCYch_MvNYdwm9KFXDLwgflgMkDXqBbI",
  "BBNhI6ImA1T9Igs-OBA1R7lOOz2cOImkfYBYlee8rgxa"
 ],
 "c": [],
 "a": []
}

keri: Kever state: EJTRgE8zutkTWnRitbp5ZyG_zROBKQa2faKumileT6NV Added to KEL valid said=EJTRgE8zutkTWnRitbp5ZyG_zROBKQa2faKumileT6NV
keri: event=
{
 "v": "KERI10JSON000188_",
 "t": "icp",
 "d": "EJTRgE8zutkTWnRitbp5ZyG_zROBKQa2faKumileT6NV",
 "i": "EJTRgE8zutkTWnRitbp5ZyG_zROBKQa2faKumileT6NV",
 "s": "0",
 "kt": "1",
 "k": [
  "DI73ILkycnddhW_gMujIYNFcvB3R4gvcpWwhc51QwDso"
 ],
 "nt": "1",
 "n": [
  "EFZeWF5RlqMtxEgVl0WQEKerxVo2utobKHo9BBP3TClp"
 ],
 "bt": "2",
 "b": [
  "BIDDWKf1eLAxCCYch_MvNYdwm9KFXDLwgflgMkDXqBbI",
  "BBNhI6ImA1T9Igs-OBA1R7lOOz2cOImkfYBYlee8rgxa"
 ],
 "c": [],
 "a": []
}

keri: Parsed Request:
POST / {(1, 1)
Hict([('Host', '127.0.0.1:5646'), ('Accept-Encoding', 'identity'), ('Content-Type', 'application/cesr+json'), ('Content-Length', '392'), ('Cesr-Attachment', '-AABAADAL0uziQvPMh_TduxHAo5jZ5D8Q_c1C48juwhDGATt-5JxL9XYIoRGmKLNdPe0wHiEv9-iYudvQfQs2P8wW5AB'), ('Cesr-Destination', 'BBNhI6ImA1T9Igs-OBA1R7lOOz2cOImkfYBYlee8rgxa')])
bytearray(b'{"v":"KERI10JSON000188_","t":"icp","d":"EJTRgE8zutkTWnRitbp5ZyG_zROBKQa2faKumileT6NV","i":"EJTRgE8zutkTWnRitbp5ZyG_zROBKQa2faKumileT6NV","s":"0","kt":"1","k":["DI73ILkycnddhW_gMujIYNFcvB3R4gvcpWwhc51QwDso"],"nt":"1","n":["EFZeWF5RlqMtxEgVl0WQEKerxVo2utobKHo9BBP3TClp"],"bt":"2","b":["BIDDWKf1eLAxCCYch_MvNYdwm9KFXDLwgflgMkDXqBbI","BBNhI6ImA1T9Igs-OBA1R7lOOz2cOImkfYBYlee8rgxa"],"c":[],"a":[]}')

keri: Kever state: EJTRgE8zutkTWnRitbp5ZyG_zROBKQa2faKumileT6NV Added to KEL valid said=EJTRgE8zutkTWnRitbp5ZyG_zROBKQa2faKumileT6NV
keri: event=
{
 "v": "KERI10JSON000188_",
 "t": "icp",
 "d": "EJTRgE8zutkTWnRitbp5ZyG_zROBKQa2faKumileT6NV",
 "i": "EJTRgE8zutkTWnRitbp5ZyG_zROBKQa2faKumileT6NV",
 "s": "0",
 "kt": "1",
 "k": [
  "DI73ILkycnddhW_gMujIYNFcvB3R4gvcpWwhc51QwDso"
 ],
 "nt": "1",
 "n": [
  "EFZeWF5RlqMtxEgVl0WQEKerxVo2utobKHo9BBP3TClp"
 ],
 "bt": "2",
 "b": [
  "BIDDWKf1eLAxCCYch_MvNYdwm9KFXDLwgflgMkDXqBbI",
  "BBNhI6ImA1T9Igs-OBA1R7lOOz2cOImkfYBYlee8rgxa"
 ],
 "c": [],
 "a": []
}

keri: Parsed Request:
POST / {(1, 1)
Hict([('Host', '127.0.0.1:5646'), ('Accept-Encoding', 'identity'), ('Content-Type', 'application/cesr+json'), ('Content-Length', '248'), ('Cesr-Attachment', '-VAi-CABBIDDWKf1eLAxCCYch_MvNYdwm9KFXDLwgflgMkDXqBbI0BBWrsg1vK9Cz8eclPyyHi66E-fcr6c3jHd2NgV1pWUGlKDJdz71kQdRbmROOR4VCTLRbsccC-ZGcn4hcN9cw18C'), ('Cesr-Destination', 'BBNhI6ImA1T9Igs-OBA1R7lOOz2cOImkfYBYlee8rgxa')])
bytearray(b'{"v":"KERI10JSON0000f8_","t":"rpy","d":"EPdz8LqJtQIr1c-yk7Xa8DaYVb41BHEf4F0Qda_vGnTj","dt":"2022-01-20T12:57:59.823350+00:00","r":"/loc/scheme","a":{"eid":"BIDDWKf1eLAxCCYch_MvNYdwm9KFXDLwgflgMkDXqBbI","scheme":"tcp","url":"tcp://127.0.0.1:5645/"}}')

keri: Parsed Request:
POST / {(1, 1)
Hict([('Host', '127.0.0.1:5646'), ('Accept-Encoding', 'identity'), ('Content-Type', 'application/cesr+json'), ('Content-Length', '250'), ('Cesr-Attachment', '-VAi-CABBIDDWKf1eLAxCCYch_MvNYdwm9KFXDLwgflgMkDXqBbI0BC9axwoXJwQGcK0yIS2V3W3kUXT9yxkwl9N9o94Imc-DUOXjcSMnZMq2ImDEglEHtY68iPMjraKLBOvQvMlAKsF'), ('Cesr-Destination', 'BBNhI6ImA1T9Igs-OBA1R7lOOz2cOImkfYBYlee8rgxa')])
bytearray(b'{"v":"KERI10JSON0000fa_","t":"rpy","d":"EIYRafGdFR03PvZk0BSr67A1fxcjO8QvBAFAfi49Nwbw","dt":"2022-01-20T12:57:59.823350+00:00","r":"/loc/scheme","a":{"eid":"BIDDWKf1eLAxCCYch_MvNYdwm9KFXDLwgflgMkDXqBbI","scheme":"http","url":"http://127.0.0.1:5645/"}}')

keri: Parsed Request:
POST / {(1, 1)
Hict([('Host', '127.0.0.1:5646'), ('Accept-Encoding', 'identity'), ('Content-Type', 'application/cesr+json'), ('Content-Length', '145'), ('Cesr-Attachment', '-BABAADPkOyL6l5o4VqnxbY0IX6eVkHZajYTYS6F89_uhXcP5ahhGPtT8GIh__AadZeKDoabQzy6mj32MC8QzkF43i8N'), ('Cesr-Destination', 'BBNhI6ImA1T9Igs-OBA1R7lOOz2cOImkfYBYlee8rgxa')])
bytearray(b'{"v":"KERI10JSON000091_","t":"rct","d":"EJTRgE8zutkTWnRitbp5ZyG_zROBKQa2faKumileT6NV","i":"EJTRgE8zutkTWnRitbp5ZyG_zROBKQa2faKumileT6NV","s":"0"}')

#endregion Controller Incept
#region oobi resolves
keri: Parsed Request:
GET /oobi/EJTRgE8zutkTWnRitbp5ZyG_zROBKQa2faKumileT6NV/witness/BBNhI6ImA1T9Igs-OBA1R7lOOz2cOImkfYBYlee8rgxa {(1, 1)
Hict([('Host', '127.0.0.1:5646'), ('Accept-Encoding', 'identity')])
bytearray(b'')

keri: Parsed Request:
GET /oobi/EJTRgE8zutkTWnRitbp5ZyG_zROBKQa2faKumileT6NV/witness/BBNhI6ImA1T9Igs-OBA1R7lOOz2cOImkfYBYlee8rgxa {(1, 1)
Hict([('Host', '127.0.0.1:5646'), ('Accept-Encoding', 'identity')])
bytearray(b'')

#endregion oobi resolves
#region Registries
keri: Parsed Request:
POST / {(1, 1)
Hict([('Host', '127.0.0.1:5646'), ('Accept-Encoding', 'identity'), ('Content-Type', 'application/cesr+json'), ('Content-Length', '314'), ('Cesr-Attachment', '-AABAAC0s4cwmrHjQUA-4YqEj6VkYCC3aNY-YICkbrn-w1LeBukLa9y0aP9vTdD-tzvQlcyc2q-JzJZViq7vwShoM1wH'), ('Cesr-Destination', 'BBNhI6ImA1T9Igs-OBA1R7lOOz2cOImkfYBYlee8rgxa')])
bytearray(b'{"v":"KERI10JSON00013a_","t":"ixn","d":"EDmVUJCQ4_aRckrSzOm8fx-zLuZIfXxnFMBhZThJTUt3","i":"EJTRgE8zutkTWnRitbp5ZyG_zROBKQa2faKumileT6NV","s":"1","p":"EJTRgE8zutkTWnRitbp5ZyG_zROBKQa2faKumileT6NV","a":[{"i":"EKBV2HQIryXPnfN8dcezMUSSLH_c1CaTQkgc0NpQu4WB","s":"0","d":"EKBV2HQIryXPnfN8dcezMUSSLH_c1CaTQkgc0NpQu4WB"}]}')

keri: Parsed Request:
POST / {(1, 1)
Hict([('Host', '127.0.0.1:5646'), ('Accept-Encoding', 'identity'), ('Content-Type', 'application/cesr+json'), ('Content-Length', '357'), ('Connection', 'close'), ('Cesr-Attachment', '-VAj-HABEJTRgE8zutkTWnRitbp5ZyG_zROBKQa2faKumileT6NV-AABAAD5XMMH9lse5qCz4ejJhV8eDlVr3sQAx2VmFS7oNYO-k00V9PEAzIE4f-Mb_CznUEwaFOHHcKgY_xsiojdBv2UN'), ('Cesr-Destination', 'BBNhI6ImA1T9Igs-OBA1R7lOOz2cOImkfYBYlee8rgxa')])
bytearray(b'{"v":"KERI10JSON000165_","t":"qry","d":"EEFE8DkJe5KPbIleOx4XzXIt3iFCFVWll6ZwgVoA3YMe","dt":"2024-11-04T10:10:58.462622+00:00","r":"mbx","rr":"","q":{"pre":"EJTRgE8zutkTWnRitbp5ZyG_zROBKQa2faKumileT6NV","topics":{"/receipt":1,"/multisig":0,"/replay":0},"i":"EJTRgE8zutkTWnRitbp5ZyG_zROBKQa2faKumileT6NV","src":"BBNhI6ImA1T9Igs-OBA1R7lOOz2cOImkfYBYlee8rgxa"}}')

keri: Kever state: EJTRgE8zutkTWnRitbp5ZyG_zROBKQa2faKumileT6NV First seen ordinal 1 at 2024-11-04T10:10:58.548703+00:00, said=EDmVUJCQ4_aRckrSzOm8fx-zLuZIfXxnFMBhZThJTUt3
keri: event=
{
 "v": "KERI10JSON00013a_",
 "t": "ixn",
 "d": "EDmVUJCQ4_aRckrSzOm8fx-zLuZIfXxnFMBhZThJTUt3",
 "i": "EJTRgE8zutkTWnRitbp5ZyG_zROBKQa2faKumileT6NV",
 "s": "1",
 "p": "EJTRgE8zutkTWnRitbp5ZyG_zROBKQa2faKumileT6NV",
 "a": [
  {
   "i": "EKBV2HQIryXPnfN8dcezMUSSLH_c1CaTQkgc0NpQu4WB",
   "s": "0",
   "d": "EKBV2HQIryXPnfN8dcezMUSSLH_c1CaTQkgc0NpQu4WB"
  }
 ]
}

keri: Kever state: EJTRgE8zutkTWnRitbp5ZyG_zROBKQa2faKumileT6NV Added to KEL valid said=EDmVUJCQ4_aRckrSzOm8fx-zLuZIfXxnFMBhZThJTUt3
keri: event=
{
 "v": "KERI10JSON00013a_",
 "t": "ixn",
 "d": "EDmVUJCQ4_aRckrSzOm8fx-zLuZIfXxnFMBhZThJTUt3",
 "i": "EJTRgE8zutkTWnRitbp5ZyG_zROBKQa2faKumileT6NV",
 "s": "1",
 "p": "EJTRgE8zutkTWnRitbp5ZyG_zROBKQa2faKumileT6NV",
 "a": [
  {
   "i": "EKBV2HQIryXPnfN8dcezMUSSLH_c1CaTQkgc0NpQu4WB",
   "s": "0",
   "d": "EKBV2HQIryXPnfN8dcezMUSSLH_c1CaTQkgc0NpQu4WB"
  }
 ]
}

keri: Parsed Request:
POST / {(1, 1)
Hict([('Host', '127.0.0.1:5646'), ('Accept-Encoding', 'identity'), ('Content-Type', 'application/cesr+json'), ('Content-Length', '145'), ('Cesr-Attachment', '-BABAADsVRnxxx24OnR523vmZ3lLIbZaUhY4kmPqm6N9kpmp5L3VXe966mfUgq67HBMHxzx8O9WTxtOOndSDStgwTzcN'), ('Cesr-Destination', 'BBNhI6ImA1T9Igs-OBA1R7lOOz2cOImkfYBYlee8rgxa')])
bytearray(b'{"v":"KERI10JSON000091_","t":"rct","d":"EDmVUJCQ4_aRckrSzOm8fx-zLuZIfXxnFMBhZThJTUt3","i":"EJTRgE8zutkTWnRitbp5ZyG_zROBKQa2faKumileT6NV","s":"1"}')

keri: Parsed Request:
POST / {(1, 1)
Hict([('Host', '127.0.0.1:5646'), ('Accept-Encoding', 'identity'), ('Content-Type', 'application/cesr+json'), ('Content-Length', '255'), ('Cesr-Attachment', '-VAS-GAB0AAAAAAAAAAAAAAAAAAAAAABEDmVUJCQ4_aRckrSzOm8fx-zLuZIfXxnFMBhZThJTUt3'), ('Cesr-Destination', 'BBNhI6ImA1T9Igs-OBA1R7lOOz2cOImkfYBYlee8rgxa')])
bytearray(b'{"v":"KERI10JSON0000ff_","t":"vcp","d":"EKBV2HQIryXPnfN8dcezMUSSLH_c1CaTQkgc0NpQu4WB","i":"EKBV2HQIryXPnfN8dcezMUSSLH_c1CaTQkgc0NpQu4WB","ii":"EJTRgE8zutkTWnRitbp5ZyG_zROBKQa2faKumileT6NV","s":"0","c":["NB"],"bt":"0","b":[],"n":"0ABpIo9F0jgrSrPiW9TtCl6E"}')

keri: Tever state: b'EKBV2HQIryXPnfN8dcezMUSSLH_c1CaTQkgc0NpQu4WB' Added to TEL valid said=EKBV2HQIryXPnfN8dcezMUSSLH_c1CaTQkgc0NpQu4WB
keri: event=
{
 "v": "KERI10JSON0000ff_",
 "t": "vcp",
 "d": "EKBV2HQIryXPnfN8dcezMUSSLH_c1CaTQkgc0NpQu4WB",
 "i": "EKBV2HQIryXPnfN8dcezMUSSLH_c1CaTQkgc0NpQu4WB",
 "ii": "EJTRgE8zutkTWnRitbp5ZyG_zROBKQa2faKumileT6NV",
 "s": "0",
 "c": [
  "NB"
 ],
 "bt": "0",
 "b": [],
 "n": "0ABpIo9F0jgrSrPiW9TtCl6E"
}

#endregion Registries
#region facility acdc
#endregion facility acdc
#region identity acdc
keri: Parsed Request:
PUT / {(1, 1)
Hict([('Host', '127.0.0.1:5646'), ('Accept-Encoding', 'identity'), ('Content-Type', 'application/cesr'), ('Content-Length', '21014'), ('Cesr-Destination', 'BBNhI6ImA1T9Igs-OBA1R7lOOz2cOImkfYBYlee8rgxa')])
bytearray(b'{"v":"KERI10JSON000188_","t":"icp","d":"EAUKTwZVsAFh_tCGmMrODPS027IsWzg22iKe-YYi1TpR","i":"EAUKTwZVsAFh_tCGmMrODPS027IsWzg22iKe-YYi1TpR","s":"0","kt":"1","k":["DFXBdqA2icDdDeqECuAWYf_Wdli0g9qEmTqeT7MP4bcD"],"nt":"1","n":["EHAtE2wNCTDw5UKD1X0Idi9queMhgV8Q_340ODJKhkOx"],"bt":"2","b":["BMsPMU5KbCjtXYcO6Z0EzVhH3kk4XaH6NjxwJs1VC107","BBfXrIlxQ9YoL9nUMfj6QbGtaJvpctVDoTAjwtlMjEkq"],"c":[],"a":[]}-VBU-AABAACv9HlJCYJAyTkbl2e56i0pCVyj-EuMmSPEsHlYaGCE4QVmcKSqTIJJd-RTfD3cZDnaXAv-tC0lS1baQrFv7WoE-BACAAC77HiUqjTom6bFxT49At8XL-6Uvj2SUwIlqQGIqMLbe8o3eoOzI0kFIUBW0b_nq-APPtetIGT-uAivE6RPevkDABDv1lIMzMfYyUPxq9tHltFtAoL60FT3Jcl9dFnjpOIquNjgybRSoLltOHNLrU9i1THWJP7SB4rlra1Elp0IPL8K-EAB0AAAAAAAAAAAAAAAAAAAAAAA1AAG2024-11-04T10c10c42d757887p00c00{"v":"KERI10JSON00013a_","t":"ixn","d":"EKg7OaIhaPy_BHP4lACLrrarWt5LUrML_Uoldq448SzW","i":"EAUKTwZVsAFh_tCGmMrODPS027IsWzg22iKe-YYi1TpR","s":"1","p":"EAUKTwZVsAFh_tCGmMrODPS027IsWzg22iKe-YYi1TpR","a":[{"i":"EEbHOO6_nZi5VeYGRSjepIfMwcdDFCkoDmdJq33IJQIg","s":"0","d":"EEbHOO6_nZi5VeYGRSjepIfMwcdDFCkoDmdJq33IJQIg"}]}-VBU-AABAACVmifEB19iCq-7MSjbtFl08sUbQYt9knqKPIIr5zs8XFLc583EertM07hQKn0B63-qaqQLOYWptqlPwX-bp6MK-BACAAAAmEYlwg6-Tf-6qObgLEhsHaHmo7GYVf7xTvNYEm1QFOPiYRPMhuILSk0U0AFBA_eB3VZJbCljPU6jaDuTivUGABBJ2C_Hl0Bw7tHF7BvNW11LJ2xllemf1G6A6JxEjMqlGLFwXkxyEhbqeOOasZhGotezhGQtojuktYVNPGdczpsJ-EAB0AAAAAAAAAAAAAAAAAAAAAAB1AAG2024-11-04T10c10c56d288550p00c00{"v":"KERI10JSON00013a_","t":"ixn","d":"EH9Eb7UvR2DJhOudK93Ww4PBvAIxtyrDo9adS9pI4N9L","i":"EAUKTwZVsAFh_tCGmMrODPS027IsWzg22iKe-YYi1TpR","s":"2","p":"EKg7OaIhaPy_BHP4lACLrrarWt5LUrML_Uoldq448SzW","a":[{"i":"EBC46Z9HNXpKO0JGGrkl53kdZ00mZHFe8EnIsvLYxge3","s":"0","d":"EPkcM9HcRHtoy-TxNAfeRfQn2agSed-L7TdhqVFeQCcu"}]}-VBU-AABAACNttZ8vDDRSPWJaIn_df2sCFBx-8lzw4wk6mWsuvh4qUGZ90sg7lK1UgdwZsSJvMVsD_YvlneHCfxSE4_-_8MN-BACAABH923rUf7ZB9XUJekVJ2OEAGy73FMmHvzk4XPzxLTjf9ZhvCl0a7H_O5IYb2C_46Tp5r5SRT0cT7sSbySqbVIFABD5QXpNUDy3V58KvBTbVgRqgspStAyBV8NuQuOC9DF2iNytGTRsd3yFea3Uc9L4qpHSENalKI4-gXtN7kRHz3EI-EAB0AAAAAAAAAAAAAAAAAAAAAAC1AAG2024-11-04T10c11c00d584414p00c00{"v":"KERI10JSON00013a_","t":"ixn","d":"EA-sr0SsF-nSiJFMq0O43-pB1kFDicTuzfV0uxk-QqAP","i":"EAUKTwZVsAFh_tCGmMrODPS027IsWzg22iKe-YYi1TpR","s":"3","p":"EH9Eb7UvR2DJhOudK93Ww4PBvAIxtyrDo9adS9pI4N9L","a":[{"i":"EC6_geyhCEaVqQIXKam_2zjWnqXcV-N78AIZJ-CTRfc5","s":"0","d":"EC85vJabEJqBVmsnlJhTMrMTIl1LDeXJcjcMbUTOTZzC"}]}-VBU-AABAACrBQIMLV3HpZaMzZ-95oWjMBg8PEt5OJ3556cenYNsQbP9CSyR2J8x-YIRdMg4gH58qv3sxLX9cw-NCfJ7OwEJ-BACAADv2sk0GXFolZXelB2_vjXkycM6TI48dupgpbEPmTf8j2MV9QpaugUfscoJcDKC2CDSvLTcnhMb7ACxu4CnMDoHABBmZVOFsfoFZICIBi7l8q6li2qCkbcFPRH9JbYKPm2evUnSCGD4M7XWkAodWIUtxsVbTeVdmIatSsjKiF_3FNME-EAB0AAAAAAAAAAAAAAAAAAAAAAD1AAG2024-11-04T10c11c10d741337p00c00{"v":"KERI10JSON000188_","t":"icp","d":"EAUKTwZVsAFh_tCGmMrODPS027IsWzg22iKe-YYi1TpR","i":"EAUKTwZVsAFh_tCGmMrODPS027IsWzg22iKe-YYi1TpR","s":"0","kt":"1","k":["DFXBdqA2icDdDeqECuAWYf_Wdli0g9qEmTqeT7MP4bcD"],"nt":"1","n":["EHAtE2wNCTDw5UKD1X0Idi9queMhgV8Q_340ODJKhkOx"],"bt":"2","b":["BMsPMU5KbCjtXYcO6Z0EzVhH3kk4XaH6NjxwJs1VC107","BBfXrIlxQ9YoL9nUMfj6QbGtaJvpctVDoTAjwtlMjEkq"],"c":[],"a":[]}-VBU-AABAACv9HlJCYJAyTkbl2e56i0pCVyj-EuMmSPEsHlYaGCE4QVmcKSqTIJJd-RTfD3cZDnaXAv-tC0lS1baQrFv7WoE-BACAAC77HiUqjTom6bFxT49At8XL-6Uvj2SUwIlqQGIqMLbe8o3eoOzI0kFIUBW0b_nq-APPtetIGT-uAivE6RPevkDABDv1lIMzMfYyUPxq9tHltFtAoL60FT3Jcl9dFnjpOIquNjgybRSoLltOHNLrU9i1THWJP7SB4rlra1Elp0IPL8K-EAB0AAAAAAAAAAAAAAAAAAAAAAA1AAG2024-11-04T10c10c42d757887p00c00{"v":"KERI10JSON00013a_","t":"ixn","d":"EKg7OaIhaPy_BHP4lACLrrarWt5LUrML_Uoldq448SzW","i":"EAUKTwZVsAFh_tCGmMrODPS027IsWzg22iKe-YYi1TpR","s":"1","p":"EAUKTwZVsAFh_tCGmMrODPS027IsWzg22iKe-YYi1TpR","a":[{"i":"EEbHOO6_nZi5VeYGRSjepIfMwcdDFCkoDmdJq33IJQIg","s":"0","d":"EEbHOO6_nZi5VeYGRSjepIfMwcdDFCkoDmdJq33IJQIg"}]}-VBU-AABAACVmifEB19iCq-7MSjbtFl08sUbQYt9knqKPIIr5zs8XFLc583EertM07hQKn0B63-qaqQLOYWptqlPwX-bp6MK-BACAAAAmEYlwg6-Tf-6qObgLEhsHaHmo7GYVf7xTvNYEm1QFOPiYRPMhuILSk0U0AFBA_eB3VZJbCljPU6jaDuTivUGABBJ2C_Hl0Bw7tHF7BvNW11LJ2xllemf1G6A6JxEjMqlGLFwXkxyEhbqeOOasZhGotezhGQtojuktYVNPGdczpsJ-EAB0AAAAAAAAAAAAAAAAAAAAAAB1AAG2024-11-04T10c10c56d288550p00c00{"v":"KERI10JSON00013a_","t":"ixn","d":"EH9Eb7UvR2DJhOudK93Ww4PBvAIxtyrDo9adS9pI4N9L","i":"EAUKTwZVsAFh_tCGmMrODPS027IsWzg22iKe-YYi1TpR","s":"2","p":"EKg7OaIhaPy_BHP4lACLrrarWt5LUrML_Uoldq448SzW","a":[{"i":"EBC46Z9HNXpKO0JGGrkl53kdZ00mZHFe8EnIsvLYxge3","s":"0","d":"EPkcM9HcRHtoy-TxNAfeRfQn2agSed-L7TdhqVFeQCcu"}]}-VBU-AABAACNttZ8vDDRSPWJaIn_df2sCFBx-8lzw4wk6mWsuvh4qUGZ90sg7lK1UgdwZsSJvMVsD_YvlneHCfxSE4_-_8MN-BACAABH923rUf7ZB9XUJekVJ2OEAGy73FMmHvzk4XPzxLTjf9ZhvCl0a7H_O5IYb2C_46Tp5r5SRT0cT7sSbySqbVIFABD5QXpNUDy3V58KvBTbVgRqgspStAyBV8NuQuOC9DF2iNytGTRsd3yFea3Uc9L4qpHSENalKI4-gXtN7kRHz3EI-EAB0AAAAAAAAAAAAAAAAAAAAAAC1AAG2024-11-04T10c11c00d584414p00c00{"v":"KERI10JSON00013a_","t":"ixn","d":"EA-sr0SsF-nSiJFMq0O43-pB1kFDicTuzfV0uxk-QqAP","i":"EAUKTwZVsAFh_tCGmMrODPS027IsWzg22iKe-YYi1TpR","s":"3","p":"EH9Eb7UvR2DJhOudK93Ww4PBvAIxtyrDo9adS9pI4N9L","a":[{"i":"EC6_geyhCEaVqQIXKam_2zjWnqXcV-N78AIZJ-CTRfc5","s":"0","d":"EC85vJabEJqBVmsnlJhTMrMTIl1LDeXJcjcMbUTOTZzC"}]}-VBU-AABAACrBQIMLV3HpZaMzZ-95oWjMBg8PEt5OJ3556cenYNsQbP9CSyR2J8x-YIRdMg4gH58qv3sxLX9cw-NCfJ7OwEJ-BACAADv2sk0GXFolZXelB2_vjXkycM6TI48dupgpbEPmTf8j2MV9QpaugUfscoJcDKC2CDSvLTcnhMb7ACxu4CnMDoHABBmZVOFsfoFZICIBi7l8q6li2qCkbcFPRH9JbYKPm2evUnSCGD4M7XWkAodWIUtxsVbTeVdmIatSsjKiF_3FNME-EAB0AAAAAAAAAAAAAAAAAAAAAAD1AAG2024-11-04T10c11c10d741337p00c00{"v":"KERI10JSON0002e2_","t":"exn","d":"EATiZR0jJBKWOguKEnoU9naLb3oAqlWa4CDCxiAHlcnH","i":"EAUKTwZVsAFh_tCGmMrODPS027IsWzg22iKe-YYi1TpR","p":"","dt":"2024-11-04T10:11:13.171293+00:00","r":"/fwd","q":{"pre":"EJTRgE8zutkTWnRitbp5ZyG_zROBKQa2faKumileT6NV","topic":"credential"},"a":{},"e":{"evt":{"v":"KERI10JSON000188_","t":"icp","d":"EAUKTwZVsAFh_tCGmMrODPS027IsWzg22iKe-YYi1TpR","i":"EAUKTwZVsAFh_tCGmMrODPS027IsWzg22iKe-YYi1TpR","s":"0","kt":"1","k":["DFXBdqA2icDdDeqECuAWYf_Wdli0g9qEmTqeT7MP4bcD"],"nt":"1","n":["EHAtE2wNCTDw5UKD1X0Idi9queMhgV8Q_340ODJKhkOx"],"bt":"2","b":["BMsPMU5KbCjtXYcO6Z0EzVhH3kk4XaH6NjxwJs1VC107","BBfXrIlxQ9YoL9nUMfj6QbGtaJvpctVDoTAjwtlMjEkq"],"c":[],"a":[]},"d":"EEpTW8tY_4WPB1B_uDWRPI6AyKG2HgHm091N85aoa6w4"}}{"v":"KERI10JSON0002e2_","t":"exn","d":"EATiZR0jJBKWOguKEnoU9naLb3oAqlWa4CDCxiAHlcnH","i":"EAUKTwZVsAFh_tCGmMrODPS027IsWzg22iKe-YYi1TpR","p":"","dt":"2024-11-04T10:11:13.171293+00:00","r":"/fwd","q":{"pre":"EJTRgE8zutkTWnRitbp5ZyG_zROBKQa2faKumileT6NV","topic":"credential"},"a":{},"e":{"evt":{"v":"KERI10JSON000188_","t":"icp","d":"EAUKTwZVsAFh_tCGmMrODPS027IsWzg22iKe-YYi1TpR","i":"EAUKTwZVsAFh_tCGmMrODPS027IsWzg22iKe-YYi1TpR","s":"0","kt":"1","k":["DFXBdqA2icDdDeqECuAWYf_Wdli0g9qEmTqeT7MP4bcD"],"nt":"1","n":["EHAtE2wNCTDw5UKD1X0Idi9queMhgV8Q_340ODJKhkOx"],"bt":"2","b":["BMsPMU5KbCjtXYcO6Z0EzVhH3kk4XaH6NjxwJs1VC107","BBfXrIlxQ9YoL9nUMfj6QbGtaJvpctVDoTAjwtlMjEkq"],"c":[],"a":[]},"d":"EEpTW8tY_4WPB1B_uDWRPI6AyKG2HgHm091N85aoa6w4"}}-FABEAUKTwZVsAFh_tCGmMrODPS027IsWzg22iKe-YYi1TpR0AAAAAAAAAAAAAAAAAAAAAAAEAUKTwZVsAFh_tCGmMrODPS027IsWzg22iKe-YYi1TpR-AABAACw7YL3FFbDiFddUbXGgAK8CqLoveSRUcegBT7uTdQp7Xfqz7NAQn09t4qqbWHg6vgozonZe9kBo0-qlZ7CPpQK-LBY5AACAA-e-evt-VBU-AABAACv9HlJCYJAyTkbl2e56i0pCVyj-EuMmSPEsHlYaGCE4QVmcKSqTIJJd-RTfD3cZDnaXAv-tC0lS1baQrFv7WoE-BACAAC77HiUqjTom6bFxT49At8XL-6Uvj2SUwIlqQGIqMLbe8o3eoOzI0kFIUBW0b_nq-APPtetIGT-uAivE6RPevkDABDv1lIMzMfYyUPxq9tHltFtAoL60FT3Jcl9dFnjpOIquNjgybRSoLltOHNLrU9i1THWJP7SB4rlra1Elp0IPL8K-EAB0AAAAAAAAAAAAAAAAAAAAAAA1AAG2024-11-04T10c10c42d757887p00c00{"v":"KERI10JSON000294_","t":"exn","d":"EDYzsu8pLskuLqPjq19TG9Syh5T9OD2w29cdvoTTjRE8","i":"EAUKTwZVsAFh_tCGmMrODPS027IsWzg22iKe-YYi1TpR","p":"","dt":"2024-11-04T10:11:13.172171+00:00","r":"/fwd","q":{"pre":"EJTRgE8zutkTWnRitbp5ZyG_zROBKQa2faKumileT6NV","topic":"credential"},"a":{},"e":{"evt":{"v":"KERI10JSON00013a_","t":"ixn","d":"EKg7OaIhaPy_BHP4lACLrrarWt5LUrML_Uoldq448SzW","i":"EAUKTwZVsAFh_tCGmMrODPS027IsWzg22iKe-YYi1TpR","s":"1","p":"EAUKTwZVsAFh_tCGmMrODPS027IsWzg22iKe-YYi1TpR","a":[{"i":"EEbHOO6_nZi5VeYGRSjepIfMwcdDFCkoDmdJq33IJQIg","s":"0","d":"EEbHOO6_nZi5VeYGRSjepIfMwcdDFCkoDmdJq33IJQIg"}]},"d":"EHbMCf6RHOJovGjGksnZdCtOeORZw4-Irr8ljTCr3gX_"}}{"v":"KERI10JSON000294_","t":"exn","d":"EDYzsu8pLskuLqPjq19TG9Syh5T9OD2w29cdvoTTjRE8","i":"EAUKTwZVsAFh_tCGmMrODPS027IsWzg22iKe-YYi1TpR","p":"","dt":"2024-11-04T10:11:13.172171+00:00","r":"/fwd","q":{"pre":"EJTRgE8zutkTWnRitbp5ZyG_zROBKQa2faKumileT6NV","topic":"credential"},"a":{},"e":{"evt":{"v":"KERI10JSON00013a_","t":"ixn","d":"EKg7OaIhaPy_BHP4lACLrrarWt5LUrML_Uoldq448SzW","i":"EAUKTwZVsAFh_tCGmMrODPS027IsWzg22iKe-YYi1TpR","s":"1","p":"EAUKTwZVsAFh_tCGmMrODPS027IsWzg22iKe-YYi1TpR","a":[{"i":"EEbHOO6_nZi5VeYGRSjepIfMwcdDFCkoDmdJq33IJQIg","s":"0","d":"EEbHOO6_nZi5VeYGRSjepIfMwcdDFCkoDmdJq33IJQIg"}]},"d":"EHbMCf6RHOJovGjGksnZdCtOeORZw4-Irr8ljTCr3gX_"}}-FABEAUKTwZVsAFh_tCGmMrODPS027IsWzg22iKe-YYi1TpR0AAAAAAAAAAAAAAAAAAAAAAAEAUKTwZVsAFh_tCGmMrODPS027IsWzg22iKe-YYi1TpR-AABAACfjBcPAN6InjbXs0VRSMUilfjbbdu4V5Q1DLwczNDQ8ejyD3zTyUNTiTdS_vH4TBlRPmNr726K5gASsWyUZfUI-LBY5AACAA-e-evt-VBU-AABAACVmifEB19iCq-7MSjbtFl08sUbQYt9knqKPIIr5zs8XFLc583EertM07hQKn0B63-qaqQLOYWptqlPwX-bp6MK-BACAAAAmEYlwg6-Tf-6qObgLEhsHaHmo7GYVf7xTvNYEm1QFOPiYRPMhuILSk0U0AFBA_eB3VZJbCljPU6jaDuTivUGABBJ2C_Hl0Bw7tHF7BvNW11LJ2xllemf1G6A6JxEjMqlGLFwXkxyEhbqeOOasZhGotezhGQtojuktYVNPGdczpsJ-EAB0AAAAAAAAAAAAAAAAAAAAAAB1AAG2024-11-04T10c10c56d288550p00c00{"v":"KERI10JSON000294_","t":"exn","d":"EEqP-5P81D8gtEwTUWyGaA37Ub1CeRQ_VN1wjR1wnpcF","i":"EAUKTwZVsAFh_tCGmMrODPS027IsWzg22iKe-YYi1TpR","p":"","dt":"2024-11-04T10:11:13.172866+00:00","r":"/fwd","q":{"pre":"EJTRgE8zutkTWnRitbp5ZyG_zROBKQa2faKumileT6NV","topic":"credential"},"a":{},"e":{"evt":{"v":"KERI10JSON00013a_","t":"ixn","d":"EH9Eb7UvR2DJhOudK93Ww4PBvAIxtyrDo9adS9pI4N9L","i":"EAUKTwZVsAFh_tCGmMrODPS027IsWzg22iKe-YYi1TpR","s":"2","p":"EKg7OaIhaPy_BHP4lACLrrarWt5LUrML_Uoldq448SzW","a":[{"i":"EBC46Z9HNXpKO0JGGrkl53kdZ00mZHFe8EnIsvLYxge3","s":"0","d":"EPkcM9HcRHtoy-TxNAfeRfQn2agSed-L7TdhqVFeQCcu"}]},"d":"EDRqEtGCkTPLvZqXsOQ15ozez42L79n3Ebae0ND_be0C"}}{"v":"KERI10JSON000294_","t":"exn","d":"EEqP-5P81D8gtEwTUWyGaA37Ub1CeRQ_VN1wjR1wnpcF","i":"EAUKTwZVsAFh_tCGmMrODPS027IsWzg22iKe-YYi1TpR","p":"","dt":"2024-11-04T10:11:13.172866+00:00","r":"/fwd","q":{"pre":"EJTRgE8zutkTWnRitbp5ZyG_zROBKQa2faKumileT6NV","topic":"credential"},"a":{},"e":{"evt":{"v":"KERI10JSON00013a_","t":"ixn","d":"EH9Eb7UvR2DJhOudK93Ww4PBvAIxtyrDo9adS9pI4N9L","i":"EAUKTwZVsAFh_tCGmMrODPS027IsWzg22iKe-YYi1TpR","s":"2","p":"EKg7OaIhaPy_BHP4lACLrrarWt5LUrML_Uoldq448SzW","a":[{"i":"EBC46Z9HNXpKO0JGGrkl53kdZ00mZHFe8EnIsvLYxge3","s":"0","d":"EPkcM9HcRHtoy-TxNAfeRfQn2agSed-L7TdhqVFeQCcu"}]},"d":"EDRqEtGCkTPLvZqXsOQ15ozez42L79n3Ebae0ND_be0C"}}-FABEAUKTwZVsAFh_tCGmMrODPS027IsWzg22iKe-YYi1TpR0AAAAAAAAAAAAAAAAAAAAAAAEAUKTwZVsAFh_tCGmMrODPS027IsWzg22iKe-YYi1TpR-AABAACc8HnZoOr3EcmeNgRy6uv4pVbbZnCTdYqCx7xKWZAq-3cmP7UGjCucJPm0wQ6eQxxTSrNaZx5klkwNUy3b_o4E-LBY5AACAA-e-evt-VBU-AABAACNttZ8vDDRSPWJaIn_df2sCFBx-8lzw4wk6mWsuvh4qUGZ90sg7lK1UgdwZsSJvMVsD_YvlneHCfxSE4_-_8MN-BACAABH923rUf7ZB9XUJekVJ2OEAGy73FMmHvzk4XPzxLTjf9ZhvCl0a7H_O5IYb2C_46Tp5r5SRT0cT7sSbySqbVIFABD5QXpNUDy3V58KvBTbVgRqgspStAyBV8NuQuOC9DF2iNytGTRsd3yFea3Uc9L4qpHSENalKI4-gXtN7kRHz3EI-EAB0AAAAAAAAAAAAAAAAAAAAAAC1AAG2024-11-04T10c11c00d584414p00c00{"v":"KERI10JSON000294_","t":"exn","d":"EPGtkI0FIx1omNYMPAb9zTz689rb-4lc8g-MZ7qLS4Xs","i":"EAUKTwZVsAFh_tCGmMrODPS027IsWzg22iKe-YYi1TpR","p":"","dt":"2024-11-04T10:11:13.173568+00:00","r":"/fwd","q":{"pre":"EJTRgE8zutkTWnRitbp5ZyG_zROBKQa2faKumileT6NV","topic":"credential"},"a":{},"e":{"evt":{"v":"KERI10JSON00013a_","t":"ixn","d":"EA-sr0SsF-nSiJFMq0O43-pB1kFDicTuzfV0uxk-QqAP","i":"EAUKTwZVsAFh_tCGmMrODPS027IsWzg22iKe-YYi1TpR","s":"3","p":"EH9Eb7UvR2DJhOudK93Ww4PBvAIxtyrDo9adS9pI4N9L","a":[{"i":"EC6_geyhCEaVqQIXKam_2zjWnqXcV-N78AIZJ-CTRfc5","s":"0","d":"EC85vJabEJqBVmsnlJhTMrMTIl1LDeXJcjcMbUTOTZzC"}]},"d":"EFiIwrUlKXdICnEaXqCeaEH2RO5naiNxfV-F7aCHoO19"}}{"v":"KERI10JSON000294_","t":"exn","d":"EPGtkI0FIx1omNYMPAb9zTz689rb-4lc8g-MZ7qLS4Xs","i":"EAUKTwZVsAFh_tCGmMrODPS027IsWzg22iKe-YYi1TpR","p":"","dt":"2024-11-04T10:11:13.173568+00:00","r":"/fwd","q":{"pre":"EJTRgE8zutkTWnRitbp5ZyG_zROBKQa2faKumileT6NV","topic":"credential"},"a":{},"e":{"evt":{"v":"KERI10JSON00013a_","t":"ixn","d":"EA-sr0SsF-nSiJFMq0O43-pB1kFDicTuzfV0uxk-QqAP","i":"EAUKTwZVsAFh_tCGmMrODPS027IsWzg22iKe-YYi1TpR","s":"3","p":"EH9Eb7UvR2DJhOudK93Ww4PBvAIxtyrDo9adS9pI4N9L","a":[{"i":"EC6_geyhCEaVqQIXKam_2zjWnqXcV-N78AIZJ-CTRfc5","s":"0","d":"EC85vJabEJqBVmsnlJhTMrMTIl1LDeXJcjcMbUTOTZzC"}]},"d":"EFiIwrUlKXdICnEaXqCeaEH2RO5naiNxfV-F7aCHoO19"}}-FABEAUKTwZVsAFh_tCGmMrODPS027IsWzg22iKe-YYi1TpR0AAAAAAAAAAAAAAAAAAAAAAAEAUKTwZVsAFh_tCGmMrODPS027IsWzg22iKe-YYi1TpR-AABAAAdl6Feeb26gj4FWLWroXBz26iTXfFimcUhg6tuKLfKyuINGlKHEe_ljaJa8Q1A2S4YuFh3xSKNp8GHI2SxeWwH-LBY5AACAA-e-evt-VBU-AABAACrBQIMLV3HpZaMzZ-95oWjMBg8PEt5OJ3556cenYNsQbP9CSyR2J8x-YIRdMg4gH58qv3sxLX9cw-NCfJ7OwEJ-BACAADv2sk0GXFolZXelB2_vjXkycM6TI48dupgpbEPmTf8j2MV9QpaugUfscoJcDKC2CDSvLTcnhMb7ACxu4CnMDoHABBmZVOFsfoFZICIBi7l8q6li2qCkbcFPRH9JbYKPm2evUnSCGD4M7XWkAodWIUtxsVbTeVdmIatSsjKiF_3FNME-EAB0AAAAAAAAAAAAAAAAAAAAAAD1AAG2024-11-04T10c11c10d741337p00c00{"v":"KERI10JSON000259_","t":"exn","d":"EHOqzrIreoKdm2ykyrrsctdeXp3VMcXgCYDoJ_zCKQYx","i":"EAUKTwZVsAFh_tCGmMrODPS027IsWzg22iKe-YYi1TpR","p":"","dt":"2024-11-04T10:11:13.174221+00:00","r":"/fwd","q":{"pre":"EJTRgE8zutkTWnRitbp5ZyG_zROBKQa2faKumileT6NV","topic":"credential"},"a":{},"e":{"evt":{"v":"KERI10JSON0000ff_","t":"vcp","d":"EEbHOO6_nZi5VeYGRSjepIfMwcdDFCkoDmdJq33IJQIg","i":"EEbHOO6_nZi5VeYGRSjepIfMwcdDFCkoDmdJq33IJQIg","ii":"EAUKTwZVsAFh_tCGmMrODPS027IsWzg22iKe-YYi1TpR","s":"0","c":["NB"],"bt":"0","b":[],"n":"0AD76WQe4bw0H1xRrnjjlhOA"},"d":"EGhkjCozzIOMxxa-uPQvKyAMvThLJsg5r3DyaeegRNOv"}}{"v":"KERI10JSON000259_","t":"exn","d":"EHOqzrIreoKdm2ykyrrsctdeXp3VMcXgCYDoJ_zCKQYx","i":"EAUKTwZVsAFh_tCGmMrODPS027IsWzg22iKe-YYi1TpR","p":"","dt":"2024-11-04T10:11:13.174221+00:00","r":"/fwd","q":{"pre":"EJTRgE8zutkTWnRitbp5ZyG_zROBKQa2faKumileT6NV","topic":"credential"},"a":{},"e":{"evt":{"v":"KERI10JSON0000ff_","t":"vcp","d":"EEbHOO6_nZi5VeYGRSjepIfMwcdDFCkoDmdJq33IJQIg","i":"EEbHOO6_nZi5VeYGRSjepIfMwcdDFCkoDmdJq33IJQIg","ii":"EAUKTwZVsAFh_tCGmMrODPS027IsWzg22iKe-YYi1TpR","s":"0","c":["NB"],"bt":"0","b":[],"n":"0AD76WQe4bw0H1xRrnjjlhOA"},"d":"EGhkjCozzIOMxxa-uPQvKyAMvThLJsg5r3DyaeegRNOv"}}-FABEAUKTwZVsAFh_tCGmMrODPS027IsWzg22iKe-YYi1TpR0AAAAAAAAAAAAAAAAAAAAAAAEAUKTwZVsAFh_tCGmMrODPS027IsWzg22iKe-YYi1TpR-AABAAA8zAHLZYtwO2EBi3JlDPKCJx6-KSwydya-FdXwjmSp6B4XKWOx3POAn4bblzwIaylFm8EDv5lDK5_kJqUdFUIA-LAW5AACAA-e-evt-VAS-GAB0AAAAAAAAAAAAAAAAAAAAAABEKg7OaIhaPy_BHP4lACLrrarWt5LUrML_Uoldq448SzW{"v":"KERI10JSON000247_","t":"exn","d":"EDFnkZnl8uStUoJA-5RoVfbPpMb01hA5OcOcrOo1LhEj","i":"EAUKTwZVsAFh_tCGmMrODPS027IsWzg22iKe-YYi1TpR","p":"","dt":"2024-11-04T10:11:13.174805+00:00","r":"/fwd","q":{"pre":"EJTRgE8zutkTWnRitbp5ZyG_zROBKQa2faKumileT6NV","topic":"credential"},"a":{},"e":{"evt":{"v":"KERI10JSON0000ed_","t":"iss","d":"EC85vJabEJqBVmsnlJhTMrMTIl1LDeXJcjcMbUTOTZzC","i":"EC6_geyhCEaVqQIXKam_2zjWnqXcV-N78AIZJ-CTRfc5","s":"0","ri":"EEbHOO6_nZi5VeYGRSjepIfMwcdDFCkoDmdJq33IJQIg","dt":"2024-11-04T10:11:10.729675+00:00"},"d":"ECbrzvKCy0j__noPbfl23LzK4M6y-creuH3o7e5KU8CU"}}{"v":"KERI10JSON000247_","t":"exn","d":"EDFnkZnl8uStUoJA-5RoVfbPpMb01hA5OcOcrOo1LhEj","i":"EAUKTwZVsAFh_tCGmMrODPS027IsWzg22iKe-YYi1TpR","p":"","dt":"2024-11-04T10:11:13.174805+00:00","r":"/fwd","q":{"pre":"EJTRgE8zutkTWnRitbp5ZyG_zROBKQa2faKumileT6NV","topic":"credential"},"a":{},"e":{"evt":{"v":"KERI10JSON0000ed_","t":"iss","d":"EC85vJabEJqBVmsnlJhTMrMTIl1LDeXJcjcMbUTOTZzC","i":"EC6_geyhCEaVqQIXKam_2zjWnqXcV-N78AIZJ-CTRfc5","s":"0","ri":"EEbHOO6_nZi5VeYGRSjepIfMwcdDFCkoDmdJq33IJQIg","dt":"2024-11-04T10:11:10.729675+00:00"},"d":"ECbrzvKCy0j__noPbfl23LzK4M6y-creuH3o7e5KU8CU"}}-FABEAUKTwZVsAFh_tCGmMrODPS027IsWzg22iKe-YYi1TpR0AAAAAAAAAAAAAAAAAAAAAAAEAUKTwZVsAFh_tCGmMrODPS027IsWzg22iKe-YYi1TpR-AABAAATehVia4Md5FqlxGfccCK6B5j-ziNdglSLk0QNNieE1u3iz6EVN-11Lb8tOmSE5dDwkBUHB3ElMXvX7U0r5-IF-LAW5AACAA-e-evt-VAS-GAB0AAAAAAAAAAAAAAAAAAAAAADEA-sr0SsF-nSiJFMq0O43-pB1kFDicTuzfV0uxk-QqAP{"v":"KERI10JSON0007b9_","t":"exn","d":"EE0TpK0hosbQ71Gfek0Ivn9qT5TRL0YRCmrmCRybRFmd","i":"EAUKTwZVsAFh_tCGmMrODPS027IsWzg22iKe-YYi1TpR","p":"","dt":"2024-11-04T10:11:13.176045+00:00","r":"/fwd","q":{"pre":"EJTRgE8zutkTWnRitbp5ZyG_zROBKQa2faKumileT6NV","topic":"credential"},"a":{},"e":{"evt":{"v":"KERI10JSON00065f_","t":"exn","d":"EJbjrIvHj-f0VF8OMtvEZohtIT--koGQI4naVDbu8oKg","i":"EAUKTwZVsAFh_tCGmMrODPS027IsWzg22iKe-YYi1TpR","p":"","dt":"2024-11-04T10:11:13.157203+00:00","r":"/ipex/grant","q":{},"a":{"m":"","i":"EJTRgE8zutkTWnRitbp5ZyG_zROBKQa2faKumileT6NV"},"e":{"acdc":{"v":"ACDC10JSON0002d8_","d":"EC6_geyhCEaVqQIXKam_2zjWnqXcV-N78AIZJ-CTRfc5","i":"EAUKTwZVsAFh_tCGmMrODPS027IsWzg22iKe-YYi1TpR","ri":"EEbHOO6_nZi5VeYGRSjepIfMwcdDFCkoDmdJq33IJQIg","s":"EIxAox3KEhiQ_yCwXWeriQ3ruPWbgK94NDDkHAZCuP9l","a":{"d":"EC08LnHYyRxLHvNWmIfFu8zDuBmDxL07T2ckOzCZHly4","i":"EJTRgE8zutkTWnRitbp5ZyG_zROBKQa2faKumileT6NV","dt":"2024-11-04T10:11:10.729675+00:00","destination":"requestee","treasureSplit":"50/50","partyThreshold":2,"journeyEndorser":"charlie"},"r":{"d":"EJRXkPBmr_nRESjPTiaSvyxctzLWR9OGjL4F_WmkmxXw","treasureSplitAgreement":{"l":"Signing of the Treasure Hunting Journey split agreement binds the signers to split the treasure received from the journey according to the split terms specified.."}}},"iss":{"v":"KERI10JSON0000ed_","t":"iss","d":"EC85vJabEJqBVmsnlJhTMrMTIl1LDeXJcjcMbUTOTZzC","i":"EC6_geyhCEaVqQIXKam_2zjWnqXcV-N78AIZJ-CTRfc5","s":"0","ri":"EEbHOO6_nZi5VeYGRSjepIfMwcdDFCkoDmdJq33IJQIg","dt":"2024-11-04T10:11:10.729675+00:00"},"anc":{"v":"KERI10JSON00013a_","t":"ixn","d":"EA-sr0SsF-nSiJFMq0O43-pB1kFDicTuzfV0uxk-QqAP","i":"EAUKTwZVsAFh_tCGmMrODPS027IsWzg22iKe-YYi1TpR","s":"3","p":"EH9Eb7UvR2DJhOudK93Ww4PBvAIxtyrDo9adS9pI4N9L","a":[{"i":"EC6_geyhCEaVqQIXKam_2zjWnqXcV-N78AIZJ-CTRfc5","s":"0","d":"EC85vJabEJqBVmsnlJhTMrMTIl1LDeXJcjcMbUTOTZzC"}]},"d":"EH3JbroY8Ev_B2PfAow9XxxDFqGcJkXlZgGNGg3Y03EP"}},"d":"EIbVJ7zCY3zM9s0Pk2BYQRB4zL9jfAaUAmko-RvV6gZa"}}{"v":"KERI10JSON0007b9_","t":"exn","d":"EE0TpK0hosbQ71Gfek0Ivn9qT5TRL0YRCmrmCRybRFmd","i":"EAUKTwZVsAFh_tCGmMrODPS027IsWzg22iKe-YYi1TpR","p":"","dt":"2024-11-04T10:11:13.176045+00:00","r":"/fwd","q":{"pre":"EJTRgE8zutkTWnRitbp5ZyG_zROBKQa2faKumileT6NV","topic":"credential"},"a":{},"e":{"evt":{"v":"KERI10JSON00065f_","t":"exn","d":"EJbjrIvHj-f0VF8OMtvEZohtIT--koGQI4naVDbu8oKg","i":"EAUKTwZVsAFh_tCGmMrODPS027IsWzg22iKe-YYi1TpR","p":"","dt":"2024-11-04T10:11:13.157203+00:00","r":"/ipex/grant","q":{},"a":{"m":"","i":"EJTRgE8zutkTWnRitbp5ZyG_zROBKQa2faKumileT6NV"},"e":{"acdc":{"v":"ACDC10JSON0002d8_","d":"EC6_geyhCEaVqQIXKam_2zjWnqXcV-N78AIZJ-CTRfc5","i":"EAUKTwZVsAFh_tCGmMrODPS027IsWzg22iKe-YYi1TpR","ri":"EEbHOO6_nZi5VeYGRSjepIfMwcdDFCkoDmdJq33IJQIg","s":"EIxAox3KEhiQ_yCwXWeriQ3ruPWbgK94NDDkHAZCuP9l","a":{"d":"EC08LnHYyRxLHvNWmIfFu8zDuBmDxL07T2ckOzCZHly4","i":"EJTRgE8zutkTWnRitbp5ZyG_zROBKQa2faKumileT6NV","dt":"2024-11-04T10:11:10.729675+00:00","destination":"requestee","treasureSplit":"50/50","partyThreshold":2,"journeyEndorser":"charlie"},"r":{"d":"EJRXkPBmr_nRESjPTiaSvyxctzLWR9OGjL4F_WmkmxXw","treasureSplitAgreement":{"l":"Signing of the Treasure Hunting Journey split agreement binds the signers to split the treasure received from the journey according to the split terms specified.."}}},"iss":{"v":"KERI10JSON0000ed_","t":"iss","d":"EC85vJabEJqBVmsnlJhTMrMTIl1LDeXJcjcMbUTOTZzC","i":"EC6_geyhCEaVqQIXKam_2zjWnqXcV-N78AIZJ-CTRfc5","s":"0","ri":"EEbHOO6_nZi5VeYGRSjepIfMwcdDFCkoDmdJq33IJQIg","dt":"2024-11-04T10:11:10.729675+00:00"},"anc":{"v":"KERI10JSON00013a_","t":"ixn","d":"EA-sr0SsF-nSiJFMq0O43-pB1kFDicTuzfV0uxk-QqAP","i":"EAUKTwZVsAFh_tCGmMrODPS027IsWzg22iKe-YYi1TpR","s":"3","p":"EH9Eb7UvR2DJhOudK93Ww4PBvAIxtyrDo9adS9pI4N9L","a":[{"i":"EC6_geyhCEaVqQIXKam_2zjWnqXcV-N78AIZJ-CTRfc5","s":"0","d":"EC85vJabEJqBVmsnlJhTMrMTIl1LDeXJcjcMbUTOTZzC"}]},"d":"EH3JbroY8Ev_B2PfAow9XxxDFqGcJkXlZgGNGg3Y03EP"}},"d":"EIbVJ7zCY3zM9s0Pk2BYQRB4zL9jfAaUAmko-RvV6gZa"}}-FABEAUKTwZVsAFh_tCGmMrODPS027IsWzg22iKe-YYi1TpR0AAAAAAAAAAAAAAAAAAAAAAAEAUKTwZVsAFh_tCGmMrODPS027IsWzg22iKe-YYi1TpR-AABAACRXy8g0YocVeCBPfjrIlhV0sLNUf9ZNoDgXi0q3DWh69ykHUZe5q57jSAqecKbGhQNK1_PUmAKMDW2CKyh4K8D-LDI5AACAA-e-evt-FABEAUKTwZVsAFh_tCGmMrODPS027IsWzg22iKe-YYi1TpR0AAAAAAAAAAAAAAAAAAAAAAAEAUKTwZVsAFh_tCGmMrODPS027IsWzg22iKe-YYi1TpR-AABAACTfeL1dVYakXhWjyKpXxdf8U9ePZmMZTADFr-PQfvvueM5QhlEuno_Ko5rXz8wu9OK4_9nmPfmJBSE-VRXNwgH-LAg4AACA-e-acdc-IABEC6_geyhCEaVqQIXKam_2zjWnqXcV-N78AIZJ-CTRfc50AAAAAAAAAAAAAAAAAAAAAAAEC85vJabEJqBVmsnlJhTMrMTIl1LDeXJcjcMbUTOTZzC-LAW5AACAA-e-iss-VAS-GAB0AAAAAAAAAAAAAAAAAAAAAADEA-sr0SsF-nSiJFMq0O43-pB1kFDicTuzfV0uxk-QqAP-LBY5AACAA-e-anc-VBU-AABAACrBQIMLV3HpZaMzZ-95oWjMBg8PEt5OJ3556cenYNsQbP9CSyR2J8x-YIRdMg4gH58qv3sxLX9cw-NCfJ7OwEJ-BACAADv2sk0GXFolZXelB2_vjXkycM6TI48dupgpbEPmTf8j2MV9QpaugUfscoJcDKC2CDSvLTcnhMb7ACxu4CnMDoHABBmZVOFsfoFZICIBi7l8q6li2qCkbcFPRH9JbYKPm2evUnSCGD4M7XWkAodWIUtxsVbTeVdmIatSsjKiF_3FNME-EAB0AAAAAAAAAAAAAAAAAAAAAAA1AAG2024-11-04T10c11c10d741337p00c00')

keri: Kever state: EAUKTwZVsAFh_tCGmMrODPS027IsWzg22iKe-YYi1TpR First seen ordinal 0 at 2024-11-04T10:11:13.236829+00:00, said=EAUKTwZVsAFh_tCGmMrODPS027IsWzg22iKe-YYi1TpR
keri: event=
{
 "v": "KERI10JSON000188_",
 "t": "icp",
 "d": "EAUKTwZVsAFh_tCGmMrODPS027IsWzg22iKe-YYi1TpR",
 "i": "EAUKTwZVsAFh_tCGmMrODPS027IsWzg22iKe-YYi1TpR",
 "s": "0",
 "kt": "1",
 "k": [
  "DFXBdqA2icDdDeqECuAWYf_Wdli0g9qEmTqeT7MP4bcD"
 ],
 "nt": "1",
 "n": [
  "EHAtE2wNCTDw5UKD1X0Idi9queMhgV8Q_340ODJKhkOx"
 ],
 "bt": "2",
 "b": [
  "BMsPMU5KbCjtXYcO6Z0EzVhH3kk4XaH6NjxwJs1VC107",
  "BBfXrIlxQ9YoL9nUMfj6QbGtaJvpctVDoTAjwtlMjEkq"
 ],
 "c": [],
 "a": []
}

keri: Kever state: EAUKTwZVsAFh_tCGmMrODPS027IsWzg22iKe-YYi1TpR Added to KEL valid said=EAUKTwZVsAFh_tCGmMrODPS027IsWzg22iKe-YYi1TpR
keri: event=
{
 "v": "KERI10JSON000188_",
 "t": "icp",
 "d": "EAUKTwZVsAFh_tCGmMrODPS027IsWzg22iKe-YYi1TpR",
 "i": "EAUKTwZVsAFh_tCGmMrODPS027IsWzg22iKe-YYi1TpR",
 "s": "0",
 "kt": "1",
 "k": [
  "DFXBdqA2icDdDeqECuAWYf_Wdli0g9qEmTqeT7MP4bcD"
 ],
 "nt": "1",
 "n": [
  "EHAtE2wNCTDw5UKD1X0Idi9queMhgV8Q_340ODJKhkOx"
 ],
 "bt": "2",
 "b": [
  "BMsPMU5KbCjtXYcO6Z0EzVhH3kk4XaH6NjxwJs1VC107",
  "BBfXrIlxQ9YoL9nUMfj6QbGtaJvpctVDoTAjwtlMjEkq"
 ],
 "c": [],
 "a": []
}

keri: Kever state: EAUKTwZVsAFh_tCGmMrODPS027IsWzg22iKe-YYi1TpR First seen ordinal 1 at 2024-11-04T10:11:13.266487+00:00, said=EKg7OaIhaPy_BHP4lACLrrarWt5LUrML_Uoldq448SzW
keri: event=
{
 "v": "KERI10JSON00013a_",
 "t": "ixn",
 "d": "EKg7OaIhaPy_BHP4lACLrrarWt5LUrML_Uoldq448SzW",
 "i": "EAUKTwZVsAFh_tCGmMrODPS027IsWzg22iKe-YYi1TpR",
 "s": "1",
 "p": "EAUKTwZVsAFh_tCGmMrODPS027IsWzg22iKe-YYi1TpR",
 "a": [
  {
   "i": "EEbHOO6_nZi5VeYGRSjepIfMwcdDFCkoDmdJq33IJQIg",
   "s": "0",
   "d": "EEbHOO6_nZi5VeYGRSjepIfMwcdDFCkoDmdJq33IJQIg"
  }
 ]
}

keri: Kever state: EAUKTwZVsAFh_tCGmMrODPS027IsWzg22iKe-YYi1TpR Added to KEL valid said=EKg7OaIhaPy_BHP4lACLrrarWt5LUrML_Uoldq448SzW
keri: event=
{
 "v": "KERI10JSON00013a_",
 "t": "ixn",
 "d": "EKg7OaIhaPy_BHP4lACLrrarWt5LUrML_Uoldq448SzW",
 "i": "EAUKTwZVsAFh_tCGmMrODPS027IsWzg22iKe-YYi1TpR",
 "s": "1",
 "p": "EAUKTwZVsAFh_tCGmMrODPS027IsWzg22iKe-YYi1TpR",
 "a": [
  {
   "i": "EEbHOO6_nZi5VeYGRSjepIfMwcdDFCkoDmdJq33IJQIg",
   "s": "0",
   "d": "EEbHOO6_nZi5VeYGRSjepIfMwcdDFCkoDmdJq33IJQIg"
  }
 ]
}

keri: Kever state: EAUKTwZVsAFh_tCGmMrODPS027IsWzg22iKe-YYi1TpR First seen ordinal 2 at 2024-11-04T10:11:13.298401+00:00, said=EH9Eb7UvR2DJhOudK93Ww4PBvAIxtyrDo9adS9pI4N9L
keri: event=
{
 "v": "KERI10JSON00013a_",
 "t": "ixn",
 "d": "EH9Eb7UvR2DJhOudK93Ww4PBvAIxtyrDo9adS9pI4N9L",
 "i": "EAUKTwZVsAFh_tCGmMrODPS027IsWzg22iKe-YYi1TpR",
 "s": "2",
 "p": "EKg7OaIhaPy_BHP4lACLrrarWt5LUrML_Uoldq448SzW",
 "a": [
  {
   "i": "EBC46Z9HNXpKO0JGGrkl53kdZ00mZHFe8EnIsvLYxge3",
   "s": "0",
   "d": "EPkcM9HcRHtoy-TxNAfeRfQn2agSed-L7TdhqVFeQCcu"
  }
 ]
}

keri: Kever state: EAUKTwZVsAFh_tCGmMrODPS027IsWzg22iKe-YYi1TpR Added to KEL valid said=EH9Eb7UvR2DJhOudK93Ww4PBvAIxtyrDo9adS9pI4N9L
keri: event=
{
 "v": "KERI10JSON00013a_",
 "t": "ixn",
 "d": "EH9Eb7UvR2DJhOudK93Ww4PBvAIxtyrDo9adS9pI4N9L",
 "i": "EAUKTwZVsAFh_tCGmMrODPS027IsWzg22iKe-YYi1TpR",
 "s": "2",
 "p": "EKg7OaIhaPy_BHP4lACLrrarWt5LUrML_Uoldq448SzW",
 "a": [
  {
   "i": "EBC46Z9HNXpKO0JGGrkl53kdZ00mZHFe8EnIsvLYxge3",
   "s": "0",
   "d": "EPkcM9HcRHtoy-TxNAfeRfQn2agSed-L7TdhqVFeQCcu"
  }
 ]
}

keri: Kever state: EAUKTwZVsAFh_tCGmMrODPS027IsWzg22iKe-YYi1TpR First seen ordinal 3 at 2024-11-04T10:11:13.329774+00:00, said=EA-sr0SsF-nSiJFMq0O43-pB1kFDicTuzfV0uxk-QqAP
keri: event=
{
 "v": "KERI10JSON00013a_",
 "t": "ixn",
 "d": "EA-sr0SsF-nSiJFMq0O43-pB1kFDicTuzfV0uxk-QqAP",
 "i": "EAUKTwZVsAFh_tCGmMrODPS027IsWzg22iKe-YYi1TpR",
 "s": "3",
 "p": "EH9Eb7UvR2DJhOudK93Ww4PBvAIxtyrDo9adS9pI4N9L",
 "a": [
  {
   "i": "EC6_geyhCEaVqQIXKam_2zjWnqXcV-N78AIZJ-CTRfc5",
   "s": "0",
   "d": "EC85vJabEJqBVmsnlJhTMrMTIl1LDeXJcjcMbUTOTZzC"
  }
 ]
}

keri: Kever state: EAUKTwZVsAFh_tCGmMrODPS027IsWzg22iKe-YYi1TpR Added to KEL valid said=EA-sr0SsF-nSiJFMq0O43-pB1kFDicTuzfV0uxk-QqAP
keri: event=
{
 "v": "KERI10JSON00013a_",
 "t": "ixn",
 "d": "EA-sr0SsF-nSiJFMq0O43-pB1kFDicTuzfV0uxk-QqAP",
 "i": "EAUKTwZVsAFh_tCGmMrODPS027IsWzg22iKe-YYi1TpR",
 "s": "3",
 "p": "EH9Eb7UvR2DJhOudK93Ww4PBvAIxtyrDo9adS9pI4N9L",
 "a": [
  {
   "i": "EC6_geyhCEaVqQIXKam_2zjWnqXcV-N78AIZJ-CTRfc5",
   "s": "0",
   "d": "EC85vJabEJqBVmsnlJhTMrMTIl1LDeXJcjcMbUTOTZzC"
  }
 ]
}

keri: Kever state: EAUKTwZVsAFh_tCGmMrODPS027IsWzg22iKe-YYi1TpR Added to KEL valid said=EAUKTwZVsAFh_tCGmMrODPS027IsWzg22iKe-YYi1TpR
keri: event=
{
 "v": "KERI10JSON000188_",
 "t": "icp",
 "d": "EAUKTwZVsAFh_tCGmMrODPS027IsWzg22iKe-YYi1TpR",
 "i": "EAUKTwZVsAFh_tCGmMrODPS027IsWzg22iKe-YYi1TpR",
 "s": "0",
 "kt": "1",
 "k": [
  "DFXBdqA2icDdDeqECuAWYf_Wdli0g9qEmTqeT7MP4bcD"
 ],
 "nt": "1",
 "n": [
  "EHAtE2wNCTDw5UKD1X0Idi9queMhgV8Q_340ODJKhkOx"
 ],
 "bt": "2",
 "b": [
  "BMsPMU5KbCjtXYcO6Z0EzVhH3kk4XaH6NjxwJs1VC107",
  "BBfXrIlxQ9YoL9nUMfj6QbGtaJvpctVDoTAjwtlMjEkq"
 ],
 "c": [],
 "a": []
}

keri: Kever state: EAUKTwZVsAFh_tCGmMrODPS027IsWzg22iKe-YYi1TpR Added to KEL valid said=EKg7OaIhaPy_BHP4lACLrrarWt5LUrML_Uoldq448SzW
keri: event=
{
 "v": "KERI10JSON00013a_",
 "t": "ixn",
 "d": "EKg7OaIhaPy_BHP4lACLrrarWt5LUrML_Uoldq448SzW",
 "i": "EAUKTwZVsAFh_tCGmMrODPS027IsWzg22iKe-YYi1TpR",
 "s": "1",
 "p": "EAUKTwZVsAFh_tCGmMrODPS027IsWzg22iKe-YYi1TpR",
 "a": [
  {
   "i": "EEbHOO6_nZi5VeYGRSjepIfMwcdDFCkoDmdJq33IJQIg",
   "s": "0",
   "d": "EEbHOO6_nZi5VeYGRSjepIfMwcdDFCkoDmdJq33IJQIg"
  }
 ]
}

keri: Kever state: EAUKTwZVsAFh_tCGmMrODPS027IsWzg22iKe-YYi1TpR Added to KEL valid said=EH9Eb7UvR2DJhOudK93Ww4PBvAIxtyrDo9adS9pI4N9L
keri: event=
{
 "v": "KERI10JSON00013a_",
 "t": "ixn",
 "d": "EH9Eb7UvR2DJhOudK93Ww4PBvAIxtyrDo9adS9pI4N9L",
 "i": "EAUKTwZVsAFh_tCGmMrODPS027IsWzg22iKe-YYi1TpR",
 "s": "2",
 "p": "EKg7OaIhaPy_BHP4lACLrrarWt5LUrML_Uoldq448SzW",
 "a": [
  {
   "i": "EBC46Z9HNXpKO0JGGrkl53kdZ00mZHFe8EnIsvLYxge3",
   "s": "0",
   "d": "EPkcM9HcRHtoy-TxNAfeRfQn2agSed-L7TdhqVFeQCcu"
  }
 ]
}

keri: Kever state: EAUKTwZVsAFh_tCGmMrODPS027IsWzg22iKe-YYi1TpR Added to KEL valid said=EA-sr0SsF-nSiJFMq0O43-pB1kFDicTuzfV0uxk-QqAP
keri: event=
{
 "v": "KERI10JSON00013a_",
 "t": "ixn",
 "d": "EA-sr0SsF-nSiJFMq0O43-pB1kFDicTuzfV0uxk-QqAP",
 "i": "EAUKTwZVsAFh_tCGmMrODPS027IsWzg22iKe-YYi1TpR",
 "s": "3",
 "p": "EH9Eb7UvR2DJhOudK93Ww4PBvAIxtyrDo9adS9pI4N9L",
 "a": [
  {
   "i": "EC6_geyhCEaVqQIXKam_2zjWnqXcV-N78AIZJ-CTRfc5",
   "s": "0",
   "d": "EC85vJabEJqBVmsnlJhTMrMTIl1LDeXJcjcMbUTOTZzC"
  }
 ]
}

keri: Behavior for /fwd missing or does not have verify for said=EATiZR0jJBKWOguKEnoU9naLb3oAqlWa4CDCxiAHlcnH
keri: event=
{
 "v": "KERI10JSON0002e2_",
 "t": "exn",
 "d": "EATiZR0jJBKWOguKEnoU9naLb3oAqlWa4CDCxiAHlcnH",
 "i": "EAUKTwZVsAFh_tCGmMrODPS027IsWzg22iKe-YYi1TpR",
 "p": "",
 "dt": "2024-11-04T10:11:13.171293+00:00",
 "r": "/fwd",
 "q": {
  "pre": "EJTRgE8zutkTWnRitbp5ZyG_zROBKQa2faKumileT6NV",
  "topic": "credential"
 },
 "a": {},
 "e": {
  "evt": {
   "v": "KERI10JSON000188_",
   "t": "icp",
   "d": "EAUKTwZVsAFh_tCGmMrODPS027IsWzg22iKe-YYi1TpR",
   "i": "EAUKTwZVsAFh_tCGmMrODPS027IsWzg22iKe-YYi1TpR",
   "s": "0",
   "kt": "1",
   "k": [
    "DFXBdqA2icDdDeqECuAWYf_Wdli0g9qEmTqeT7MP4bcD"
   ],
   "nt": "1",
   "n": [
    "EHAtE2wNCTDw5UKD1X0Idi9queMhgV8Q_340ODJKhkOx"
   ],
   "bt": "2",
   "b": [
    "BMsPMU5KbCjtXYcO6Z0EzVhH3kk4XaH6NjxwJs1VC107",
    "BBfXrIlxQ9YoL9nUMfj6QbGtaJvpctVDoTAjwtlMjEkq"
   ],
   "c": [],
   "a": []
  },
  "d": "EEpTW8tY_4WPB1B_uDWRPI6AyKG2HgHm091N85aoa6w4"
 }
}

keri: Behavior for /fwd missing or does not have verify for said=EDYzsu8pLskuLqPjq19TG9Syh5T9OD2w29cdvoTTjRE8
keri: event=
{
 "v": "KERI10JSON000294_",
 "t": "exn",
 "d": "EDYzsu8pLskuLqPjq19TG9Syh5T9OD2w29cdvoTTjRE8",
 "i": "EAUKTwZVsAFh_tCGmMrODPS027IsWzg22iKe-YYi1TpR",
 "p": "",
 "dt": "2024-11-04T10:11:13.172171+00:00",
 "r": "/fwd",
 "q": {
  "pre": "EJTRgE8zutkTWnRitbp5ZyG_zROBKQa2faKumileT6NV",
  "topic": "credential"
 },
 "a": {},
 "e": {
  "evt": {
   "v": "KERI10JSON00013a_",
   "t": "ixn",
   "d": "EKg7OaIhaPy_BHP4lACLrrarWt5LUrML_Uoldq448SzW",
   "i": "EAUKTwZVsAFh_tCGmMrODPS027IsWzg22iKe-YYi1TpR",
   "s": "1",
   "p": "EAUKTwZVsAFh_tCGmMrODPS027IsWzg22iKe-YYi1TpR",
   "a": [
    {
     "i": "EEbHOO6_nZi5VeYGRSjepIfMwcdDFCkoDmdJq33IJQIg",
     "s": "0",
     "d": "EEbHOO6_nZi5VeYGRSjepIfMwcdDFCkoDmdJq33IJQIg"
    }
   ]
  },
  "d": "EHbMCf6RHOJovGjGksnZdCtOeORZw4-Irr8ljTCr3gX_"
 }
}

keri: Behavior for /fwd missing or does not have verify for said=EEqP-5P81D8gtEwTUWyGaA37Ub1CeRQ_VN1wjR1wnpcF
keri: event=
{
 "v": "KERI10JSON000294_",
 "t": "exn",
 "d": "EEqP-5P81D8gtEwTUWyGaA37Ub1CeRQ_VN1wjR1wnpcF",
 "i": "EAUKTwZVsAFh_tCGmMrODPS027IsWzg22iKe-YYi1TpR",
 "p": "",
 "dt": "2024-11-04T10:11:13.172866+00:00",
 "r": "/fwd",
 "q": {
  "pre": "EJTRgE8zutkTWnRitbp5ZyG_zROBKQa2faKumileT6NV",
  "topic": "credential"
 },
 "a": {},
 "e": {
  "evt": {
   "v": "KERI10JSON00013a_",
   "t": "ixn",
   "d": "EH9Eb7UvR2DJhOudK93Ww4PBvAIxtyrDo9adS9pI4N9L",
   "i": "EAUKTwZVsAFh_tCGmMrODPS027IsWzg22iKe-YYi1TpR",
   "s": "2",
   "p": "EKg7OaIhaPy_BHP4lACLrrarWt5LUrML_Uoldq448SzW",
   "a": [
    {
     "i": "EBC46Z9HNXpKO0JGGrkl53kdZ00mZHFe8EnIsvLYxge3",
     "s": "0",
     "d": "EPkcM9HcRHtoy-TxNAfeRfQn2agSed-L7TdhqVFeQCcu"
    }
   ]
  },
  "d": "EDRqEtGCkTPLvZqXsOQ15ozez42L79n3Ebae0ND_be0C"
 }
}

keri: Behavior for /fwd missing or does not have verify for said=EPGtkI0FIx1omNYMPAb9zTz689rb-4lc8g-MZ7qLS4Xs
keri: event=
{
 "v": "KERI10JSON000294_",
 "t": "exn",
 "d": "EPGtkI0FIx1omNYMPAb9zTz689rb-4lc8g-MZ7qLS4Xs",
 "i": "EAUKTwZVsAFh_tCGmMrODPS027IsWzg22iKe-YYi1TpR",
 "p": "",
 "dt": "2024-11-04T10:11:13.173568+00:00",
 "r": "/fwd",
 "q": {
  "pre": "EJTRgE8zutkTWnRitbp5ZyG_zROBKQa2faKumileT6NV",
  "topic": "credential"
 },
 "a": {},
 "e": {
  "evt": {
   "v": "KERI10JSON00013a_",
   "t": "ixn",
   "d": "EA-sr0SsF-nSiJFMq0O43-pB1kFDicTuzfV0uxk-QqAP",
   "i": "EAUKTwZVsAFh_tCGmMrODPS027IsWzg22iKe-YYi1TpR",
   "s": "3",
   "p": "EH9Eb7UvR2DJhOudK93Ww4PBvAIxtyrDo9adS9pI4N9L",
   "a": [
    {
     "i": "EC6_geyhCEaVqQIXKam_2zjWnqXcV-N78AIZJ-CTRfc5",
     "s": "0",
     "d": "EC85vJabEJqBVmsnlJhTMrMTIl1LDeXJcjcMbUTOTZzC"
    }
   ]
  },
  "d": "EFiIwrUlKXdICnEaXqCeaEH2RO5naiNxfV-F7aCHoO19"
 }
}

keri: Behavior for /fwd missing or does not have verify for said=EHOqzrIreoKdm2ykyrrsctdeXp3VMcXgCYDoJ_zCKQYx
keri: event=
{
 "v": "KERI10JSON000259_",
 "t": "exn",
 "d": "EHOqzrIreoKdm2ykyrrsctdeXp3VMcXgCYDoJ_zCKQYx",
 "i": "EAUKTwZVsAFh_tCGmMrODPS027IsWzg22iKe-YYi1TpR",
 "p": "",
 "dt": "2024-11-04T10:11:13.174221+00:00",
 "r": "/fwd",
 "q": {
  "pre": "EJTRgE8zutkTWnRitbp5ZyG_zROBKQa2faKumileT6NV",
  "topic": "credential"
 },
 "a": {},
 "e": {
  "evt": {
   "v": "KERI10JSON0000ff_",
   "t": "vcp",
   "d": "EEbHOO6_nZi5VeYGRSjepIfMwcdDFCkoDmdJq33IJQIg",
   "i": "EEbHOO6_nZi5VeYGRSjepIfMwcdDFCkoDmdJq33IJQIg",
   "ii": "EAUKTwZVsAFh_tCGmMrODPS027IsWzg22iKe-YYi1TpR",
   "s": "0",
   "c": [
    "NB"
   ],
   "bt": "0",
   "b": [],
   "n": "0AD76WQe4bw0H1xRrnjjlhOA"
  },
  "d": "EGhkjCozzIOMxxa-uPQvKyAMvThLJsg5r3DyaeegRNOv"
 }
}

keri: Parsed Request:
POST / {(1, 1)
Hict([('Host', '127.0.0.1:5646'), ('Accept-Encoding', 'identity'), ('Content-Type', 'application/cesr+json'), ('Content-Length', '357'), ('Connection', 'close'), ('Cesr-Attachment', '-VAj-HABEJTRgE8zutkTWnRitbp5ZyG_zROBKQa2faKumileT6NV-AABAABn3S0tPVLr9AKLc-ecFKsUDmw-53Uoizrh8tAO1buYvgjj1GsiwMq1qjUSktQfGLeRgDeAbovM-LbbPsmVSp4D'), ('Cesr-Destination', 'BBNhI6ImA1T9Igs-OBA1R7lOOz2cOImkfYBYlee8rgxa')])
bytearray(b'{"v":"KERI10JSON000165_","t":"qry","d":"EFa02V4MqIqpHMugrNOaX8ckqQYwKJt0zP12g5MfflSH","dt":"2024-11-04T10:11:13.734872+00:00","r":"mbx","rr":"","q":{"pre":"EJTRgE8zutkTWnRitbp5ZyG_zROBKQa2faKumileT6NV","topics":{"/replay":0,"/reply":0,"/credential":0},"i":"EJTRgE8zutkTWnRitbp5ZyG_zROBKQa2faKumileT6NV","src":"BBNhI6ImA1T9Igs-OBA1R7lOOz2cOImkfYBYlee8rgxa"}}')

keri: Behavior for /fwd missing or does not have verify for said=EDFnkZnl8uStUoJA-5RoVfbPpMb01hA5OcOcrOo1LhEj
keri: event=
{
 "v": "KERI10JSON000247_",
 "t": "exn",
 "d": "EDFnkZnl8uStUoJA-5RoVfbPpMb01hA5OcOcrOo1LhEj",
 "i": "EAUKTwZVsAFh_tCGmMrODPS027IsWzg22iKe-YYi1TpR",
 "p": "",
 "dt": "2024-11-04T10:11:13.174805+00:00",
 "r": "/fwd",
 "q": {
  "pre": "EJTRgE8zutkTWnRitbp5ZyG_zROBKQa2faKumileT6NV",
  "topic": "credential"
 },
 "a": {},
 "e": {
  "evt": {
   "v": "KERI10JSON0000ed_",
   "t": "iss",
   "d": "EC85vJabEJqBVmsnlJhTMrMTIl1LDeXJcjcMbUTOTZzC",
   "i": "EC6_geyhCEaVqQIXKam_2zjWnqXcV-N78AIZJ-CTRfc5",
   "s": "0",
   "ri": "EEbHOO6_nZi5VeYGRSjepIfMwcdDFCkoDmdJq33IJQIg",
   "dt": "2024-11-04T10:11:10.729675+00:00"
  },
  "d": "ECbrzvKCy0j__noPbfl23LzK4M6y-creuH3o7e5KU8CU"
 }
}

keri: Behavior for /fwd missing or does not have verify for said=EE0TpK0hosbQ71Gfek0Ivn9qT5TRL0YRCmrmCRybRFmd
keri: event=
{
 "v": "KERI10JSON0007b9_",
 "t": "exn",
 "d": "EE0TpK0hosbQ71Gfek0Ivn9qT5TRL0YRCmrmCRybRFmd",
 "i": "EAUKTwZVsAFh_tCGmMrODPS027IsWzg22iKe-YYi1TpR",
 "p": "",
 "dt": "2024-11-04T10:11:13.176045+00:00",
 "r": "/fwd",
 "q": {
  "pre": "EJTRgE8zutkTWnRitbp5ZyG_zROBKQa2faKumileT6NV",
  "topic": "credential"
 },
 "a": {},
 "e": {
  "evt": {
   "v": "KERI10JSON00065f_",
   "t": "exn",
   "d": "EJbjrIvHj-f0VF8OMtvEZohtIT--koGQI4naVDbu8oKg",
   "i": "EAUKTwZVsAFh_tCGmMrODPS027IsWzg22iKe-YYi1TpR",
   "p": "",
   "dt": "2024-11-04T10:11:13.157203+00:00",
   "r": "/ipex/grant",
   "q": {},
   "a": {
    "m": "",
    "i": "EJTRgE8zutkTWnRitbp5ZyG_zROBKQa2faKumileT6NV"
   },
   "e": {
    "acdc": {
     "v": "ACDC10JSON0002d8_",
     "d": "EC6_geyhCEaVqQIXKam_2zjWnqXcV-N78AIZJ-CTRfc5",
     "i": "EAUKTwZVsAFh_tCGmMrODPS027IsWzg22iKe-YYi1TpR",
     "ri": "EEbHOO6_nZi5VeYGRSjepIfMwcdDFCkoDmdJq33IJQIg",
     "s": "EIxAox3KEhiQ_yCwXWeriQ3ruPWbgK94NDDkHAZCuP9l",
     "a": {
      "d": "EC08LnHYyRxLHvNWmIfFu8zDuBmDxL07T2ckOzCZHly4",
      "i": "EJTRgE8zutkTWnRitbp5ZyG_zROBKQa2faKumileT6NV",
      "dt": "2024-11-04T10:11:10.729675+00:00",
      "destination": "requestee",
      "treasureSplit": "50/50",
      "partyThreshold": 2,
      "journeyEndorser": "charlie"
     },
     "r": {
      "d": "EJRXkPBmr_nRESjPTiaSvyxctzLWR9OGjL4F_WmkmxXw",
      "treasureSplitAgreement": {
       "l": "Signing of the Treasure Hunting Journey split agreement binds the signers to split the treasure received from the journey according to the split terms specified.."
      }
     }
    },
    "iss": {
     "v": "KERI10JSON0000ed_",
     "t": "iss",
     "d": "EC85vJabEJqBVmsnlJhTMrMTIl1LDeXJcjcMbUTOTZzC",
     "i": "EC6_geyhCEaVqQIXKam_2zjWnqXcV-N78AIZJ-CTRfc5",
     "s": "0",
     "ri": "EEbHOO6_nZi5VeYGRSjepIfMwcdDFCkoDmdJq33IJQIg",
     "dt": "2024-11-04T10:11:10.729675+00:00"
    },
    "anc": {
     "v": "KERI10JSON00013a_",
     "t": "ixn",
     "d": "EA-sr0SsF-nSiJFMq0O43-pB1kFDicTuzfV0uxk-QqAP",
     "i": "EAUKTwZVsAFh_tCGmMrODPS027IsWzg22iKe-YYi1TpR",
     "s": "3",
     "p": "EH9Eb7UvR2DJhOudK93Ww4PBvAIxtyrDo9adS9pI4N9L",
     "a": [
      {
       "i": "EC6_geyhCEaVqQIXKam_2zjWnqXcV-N78AIZJ-CTRfc5",
       "s": "0",
       "d": "EC85vJabEJqBVmsnlJhTMrMTIl1LDeXJcjcMbUTOTZzC"
      }
     ]
    },
    "d": "EH3JbroY8Ev_B2PfAow9XxxDFqGcJkXlZgGNGg3Y03EP"
   }
  },
  "d": "EIbVJ7zCY3zM9s0Pk2BYQRB4zL9jfAaUAmko-RvV6gZa"
 }
}

keri: Parsed Request:
POST / {(1, 1)
Hict([('Host', '127.0.0.1:5646'), ('Accept-Encoding', 'identity'), ('Content-Type', 'application/cesr+json'), ('Content-Length', '373'), ('Connection', 'close'), ('Cesr-Attachment', '-VAj-HABEJTRgE8zutkTWnRitbp5ZyG_zROBKQa2faKumileT6NV-AABAAAMaNAIxn5Umz6Wsj3cT1hzDaw5fX8ZBVep2lAse8z5hoVWqwjS_xxHhNiV4evT7vu-5mawQa5BVF3IV1S0GIsN'), ('Cesr-Destination', 'BBNhI6ImA1T9Igs-OBA1R7lOOz2cOImkfYBYlee8rgxa')])
bytearray(b'{"v":"KERI10JSON000175_","t":"qry","d":"EG1UVO7Z0tFTbWRtTwD67ii2rFu9bhcb1Pw1cmyGigZg","dt":"2024-11-04T10:11:20.124349+00:00","r":"mbx","rr":"","q":{"pre":"EJTRgE8zutkTWnRitbp5ZyG_zROBKQa2faKumileT6NV","topics":{"/receipt":2,"/multisig":0,"/replay":0,"/credential":7},"i":"EJTRgE8zutkTWnRitbp5ZyG_zROBKQa2faKumileT6NV","src":"BBNhI6ImA1T9Igs-OBA1R7lOOz2cOImkfYBYlee8rgxa"}}')

#endregion identity acdc
#region PAC ACDC
keri: Parsed Request:
POST / {(1, 1)
Hict([('Host', '127.0.0.1:5646'), ('Accept-Encoding', 'identity'), ('Content-Type', 'application/cesr+json'), ('Content-Length', '361'), ('Connection', 'close'), ('Cesr-Attachment', '-VAj-HABEJTRgE8zutkTWnRitbp5ZyG_zROBKQa2faKumileT6NV-AABAADr_zWxWtooQrwQJdrR-e3J6RbbMKKJNIdjin5KEvEYBcI5HIJoWRxQzl2D1u5VG-rOxfg6xzb-uJwxetHfnYYJ'), ('Cesr-Destination', 'BBNhI6ImA1T9Igs-OBA1R7lOOz2cOImkfYBYlee8rgxa')])
bytearray(b'{"v":"KERI10JSON000169_","t":"qry","d":"EFzHWbz66AwOck7cV9I4v6Dfq_wv8AdSEEsZ6frghoSH","dt":"2024-11-04T10:11:21.525679+00:00","r":"mbx","rr":"","q":{"pre":"EJTRgE8zutkTWnRitbp5ZyG_zROBKQa2faKumileT6NV","topics":{"/receipt":2,"/multisig":0,"/credential":7},"i":"EJTRgE8zutkTWnRitbp5ZyG_zROBKQa2faKumileT6NV","src":"BBNhI6ImA1T9Igs-OBA1R7lOOz2cOImkfYBYlee8rgxa"}}')

keri: Parsed Request:
POST / {(1, 1)
Hict([('Host', '127.0.0.1:5646'), ('Accept-Encoding', 'identity'), ('Content-Type', 'application/cesr+json'), ('Content-Length', '314'), ('Cesr-Attachment', '-AABAABZYALTZcA51yfYD-LTAS18XVOn40Og2cWdIjFwzKzSNCn6FHDOD5ApiUsB6NbeWp1JI_mWR8oMGMj8LYEKcKkO'), ('Cesr-Destination', 'BBNhI6ImA1T9Igs-OBA1R7lOOz2cOImkfYBYlee8rgxa')])
bytearray(b'{"v":"KERI10JSON00013a_","t":"ixn","d":"EBBQggCVIoMaBpJLuD6yI2PFMbVRyIwbwZlPJLG9tULr","i":"EJTRgE8zutkTWnRitbp5ZyG_zROBKQa2faKumileT6NV","s":"2","p":"EDmVUJCQ4_aRckrSzOm8fx-zLuZIfXxnFMBhZThJTUt3","a":[{"i":"EF97C_RmH_FMeP2AQrRtxKCCHnhUx3Oiao4MGXzUctXp","s":"0","d":"EBtT_oiWyvJ4znEF7rb8pcS0Fy8J6laK1I4tdS7kpVPc"}]}')

keri: Kever state: EJTRgE8zutkTWnRitbp5ZyG_zROBKQa2faKumileT6NV First seen ordinal 2 at 2024-11-04T10:11:21.611658+00:00, said=EBBQggCVIoMaBpJLuD6yI2PFMbVRyIwbwZlPJLG9tULr
keri: event=
{
 "v": "KERI10JSON00013a_",
 "t": "ixn",
 "d": "EBBQggCVIoMaBpJLuD6yI2PFMbVRyIwbwZlPJLG9tULr",
 "i": "EJTRgE8zutkTWnRitbp5ZyG_zROBKQa2faKumileT6NV",
 "s": "2",
 "p": "EDmVUJCQ4_aRckrSzOm8fx-zLuZIfXxnFMBhZThJTUt3",
 "a": [
  {
   "i": "EF97C_RmH_FMeP2AQrRtxKCCHnhUx3Oiao4MGXzUctXp",
   "s": "0",
   "d": "EBtT_oiWyvJ4znEF7rb8pcS0Fy8J6laK1I4tdS7kpVPc"
  }
 ]
}

keri: Kever state: EJTRgE8zutkTWnRitbp5ZyG_zROBKQa2faKumileT6NV Added to KEL valid said=EBBQggCVIoMaBpJLuD6yI2PFMbVRyIwbwZlPJLG9tULr
keri: event=
{
 "v": "KERI10JSON00013a_",
 "t": "ixn",
 "d": "EBBQggCVIoMaBpJLuD6yI2PFMbVRyIwbwZlPJLG9tULr",
 "i": "EJTRgE8zutkTWnRitbp5ZyG_zROBKQa2faKumileT6NV",
 "s": "2",
 "p": "EDmVUJCQ4_aRckrSzOm8fx-zLuZIfXxnFMBhZThJTUt3",
 "a": [
  {
   "i": "EF97C_RmH_FMeP2AQrRtxKCCHnhUx3Oiao4MGXzUctXp",
   "s": "0",
   "d": "EBtT_oiWyvJ4znEF7rb8pcS0Fy8J6laK1I4tdS7kpVPc"
  }
 ]
}

keri: Parsed Request:
POST / {(1, 1)
Hict([('Host', '127.0.0.1:5646'), ('Accept-Encoding', 'identity'), ('Content-Type', 'application/cesr+json'), ('Content-Length', '145'), ('Cesr-Attachment', '-BABAAAvXVkY8UGDkonqGaxBaegR0VHuNvhAcUhhmHUMTGKpcctqdR0okDVIQGyBONxAfKslfL_U3_YSkjvDDqyhlFAK'), ('Cesr-Destination', 'BBNhI6ImA1T9Igs-OBA1R7lOOz2cOImkfYBYlee8rgxa')])
bytearray(b'{"v":"KERI10JSON000091_","t":"rct","d":"EBBQggCVIoMaBpJLuD6yI2PFMbVRyIwbwZlPJLG9tULr","i":"EJTRgE8zutkTWnRitbp5ZyG_zROBKQa2faKumileT6NV","s":"2"}')

keri: Parsed Request:
POST / {(1, 1)
Hict([('Host', '127.0.0.1:5646'), ('Accept-Encoding', 'identity'), ('Content-Type', 'application/cesr+json'), ('Content-Length', '237'), ('Cesr-Attachment', '-VAS-GAB0AAAAAAAAAAAAAAAAAAAAAACEBBQggCVIoMaBpJLuD6yI2PFMbVRyIwbwZlPJLG9tULr'), ('Cesr-Destination', 'BBNhI6ImA1T9Igs-OBA1R7lOOz2cOImkfYBYlee8rgxa')])
bytearray(b'{"v":"KERI10JSON0000ed_","t":"iss","d":"EBtT_oiWyvJ4znEF7rb8pcS0Fy8J6laK1I4tdS7kpVPc","i":"EF97C_RmH_FMeP2AQrRtxKCCHnhUx3Oiao4MGXzUctXp","s":"0","ri":"EKBV2HQIryXPnfN8dcezMUSSLH_c1CaTQkgc0NpQu4WB","dt":"2024-11-04T10:11:21.472903+00:00"}')

keri: Tever state: b'EF97C_RmH_FMeP2AQrRtxKCCHnhUx3Oiao4MGXzUctXp' Added to TEL valid said=EBtT_oiWyvJ4znEF7rb8pcS0Fy8J6laK1I4tdS7kpVPc
keri: event=
{
 "v": "KERI10JSON0000ed_",
 "t": "iss",
 "d": "EBtT_oiWyvJ4znEF7rb8pcS0Fy8J6laK1I4tdS7kpVPc",
 "i": "EF97C_RmH_FMeP2AQrRtxKCCHnhUx3Oiao4MGXzUctXp",
 "s": "0",
 "ri": "EKBV2HQIryXPnfN8dcezMUSSLH_c1CaTQkgc0NpQu4WB",
 "dt": "2024-11-04T10:11:21.472903+00:00"
}

keri: Parsed Request:
POST / {(1, 1)
Hict([('Host', '127.0.0.1:5646'), ('Accept-Encoding', 'identity'), ('Content-Type', 'application/cesr+json'), ('Content-Length', '373'), ('Connection', 'close'), ('Cesr-Attachment', '-VAj-HABEJTRgE8zutkTWnRitbp5ZyG_zROBKQa2faKumileT6NV-AABAACm3Kk4-FTsDU7lCP72zHFPBAQfsUAmXxe_SSMPztYmRC5mvvRFyBYvPtzKrDlY1Jxu1GgSvt09qv-Gcd9P2OEJ'), ('Cesr-Destination', 'BBNhI6ImA1T9Igs-OBA1R7lOOz2cOImkfYBYlee8rgxa')])
bytearray(b'{"v":"KERI10JSON000175_","t":"qry","d":"ENcEeNtY-D2ObR-8HSY23Wwo8-iq75uuYJ9TkEzZqbFR","dt":"2024-11-04T10:11:23.986050+00:00","r":"mbx","rr":"","q":{"pre":"EJTRgE8zutkTWnRitbp5ZyG_zROBKQa2faKumileT6NV","topics":{"/receipt":3,"/multisig":0,"/replay":0,"/credential":7},"i":"EJTRgE8zutkTWnRitbp5ZyG_zROBKQa2faKumileT6NV","src":"BBNhI6ImA1T9Igs-OBA1R7lOOz2cOImkfYBYlee8rgxa"}}')

#endregion PAC ACDC
#region Attestation ACDC
region A ACDC start
#endregion A ACDC
